<?xml version="1.0" encoding="UTF-8"?>
<!-- Generated by org.testng.reporters.JUnitReportReporter -->
<testsuite hostname="DESKTOP-DSSFANV" failures="0" tests="9" name="automation.testsuite.LoginTestFactory" time="17.609" errors="4" timestamp="2024-09-15T20:50:43 ICT" skipped="3">
  <testcase classname="automation.testsuite.LoginTestFactory" name="closeBrowser" time="2.368">
    <error type="java.lang.StackOverflowError">
      <![CDATA[java.lang.StackOverflowError
at automation.testsuite.LoginTestFactory.closeBrowser(LoginTestFactory.java:46)
at automation.testsuite.LoginTestFactory.closeBrowser(LoginTestFactory.java:46)
at automation.testsuite.LoginTestFactory.closeBrowser(LoginTestFactory.java:46)
at automation.testsuite.LoginTestFactory.closeBrowser(LoginTestFactory.java:46)
at automation.testsuite.LoginTestFactory.closeBrowser(LoginTestFactory.java:46)
at automation.testsuite.LoginTestFactory.closeBrowser(LoginTestFactory.java:46)
at automation.testsuite.LoginTestFactory.closeBrowser(LoginTestFactory.java:46)
at automation.testsuite.LoginTestFactory.closeBrowser(LoginTestFactory.java:46)
at automation.testsuite.LoginTestFactory.closeBrowser(LoginTestFactory.java:46)
at automation.testsuite.LoginTestFactory.closeBrowser(LoginTestFactory.java:46)
at automation.testsuite.LoginTestFactory.closeBrowser(LoginTestFactory.java:46)
at automation.testsuite.LoginTestFactory.closeBrowser(LoginTestFactory.java:46)
at automation.testsuite.LoginTestFactory.closeBrowser(LoginTestFactory.java:46)
at automation.testsuite.LoginTestFactory.closeBrowser(LoginTestFactory.java:46)
at automation.testsuite.LoginTestFactory.closeBrowser(LoginTestFactory.java:46)
at automation.testsuite.LoginTestFactory.closeBrowser(LoginTestFactory.java:46)
at automation.testsuite.LoginTestFactory.closeBrowser(LoginTestFactory.java:46)
at automation.testsuite.LoginTestFactory.closeBrowser(LoginTestFactory.java:46)
at automation.testsuite.LoginTestFactory.closeBrowser(LoginTestFactory.java:46)
at automation.testsuite.LoginTestFactory.closeBrowser(LoginTestFactory.java:46)
at automation.testsuite.LoginTestFactory.closeBrowser(LoginTestFactory.java:46)
at automation.testsuite.LoginTestFactory.closeBrowser(LoginTestFactory.java:46)
at automation.testsuite.LoginTestFactory.closeBrowser(LoginTestFactory.java:46)
at automation.testsuite.LoginTestFactory.closeBrowser(LoginTestFactory.java:46)
at automation.testsuite.LoginTestFactory.closeBrowser(LoginTestFactory.java:46)
at automation.testsuite.LoginTestFactory.closeBrowser(LoginTestFactory.java:46)
at automation.testsuite.LoginTestFactory.closeBrowser(LoginTestFactory.java:46)
at automation.testsuite.LoginTestFactory.closeBrowser(LoginTestFactory.java:46)
at automation.testsuite.LoginTestFactory.closeBrowser(LoginTestFactory.java:46)
at automation.testsuite.LoginTestFactory.closeBrowser(LoginTestFactory.java:46)
at automation.testsuite.LoginTestFactory.closeBrowser(LoginTestFactory.java:46)
at automation.testsuite.LoginTestFactory.closeBrowser(LoginTestFactory.java:46)
at automation.testsuite.LoginTestFactory.closeBrowser(LoginTestFactory.java:46)
at automation.testsuite.LoginTestFactory.closeBrowser(LoginTestFactory.java:46)
at automation.testsuite.LoginTestFactory.closeBrowser(LoginTestFactory.java:46)
at automation.testsuite.LoginTestFactory.closeBrowser(LoginTestFactory.java:46)
at automation.testsuite.LoginTestFactory.closeBrowser(LoginTestFactory.java:46)
at automation.testsuite.LoginTestFactory.closeBrowser(LoginTestFactory.java:46)
at automation.testsuite.LoginTestFactory.closeBrowser(LoginTestFactory.java:46)
at automation.testsuite.LoginTestFactory.closeBrowser(LoginTestFactory.java:46)
at automation.testsuite.LoginTestFactory.closeBrowser(LoginTestFactory.java:46)
at automation.testsuite.LoginTestFactory.closeBrowser(LoginTestFactory.java:46)
at automation.testsuite.LoginTestFactory.closeBrowser(LoginTestFactory.java:46)
at automation.testsuite.LoginTestFactory.closeBrowser(LoginTestFactory.java:46)
at automation.testsuite.LoginTestFactory.closeBrowser(LoginTestFactory.java:46)
at automation.testsuite.LoginTestFactory.closeBrowser(LoginTestFactory.java:46)
at automation.testsuite.LoginTestFactory.closeBrowser(LoginTestFactory.java:46)
at automation.testsuite.LoginTestFactory.closeBrowser(LoginTestFactory.java:46)
at automation.testsuite.LoginTestFactory.closeBrowser(LoginTestFactory.java:46)
at automation.testsuite.LoginTestFactory.closeBrowser(LoginTestFactory.java:46)
at automation.testsuite.LoginTestFactory.closeBrowser(LoginTestFactory.java:46)
at automation.testsuite.LoginTestFactory.closeBrowser(LoginTestFactory.java:46)
at automation.testsuite.LoginTestFactory.closeBrowser(LoginTestFactory.java:46)
at automation.testsuite.LoginTestFactory.closeBrowser(LoginTestFactory.java:46)
at automation.testsuite.LoginTestFactory.closeBrowser(LoginTestFactory.java:46)
at automation.testsuite.LoginTestFactory.closeBrowser(LoginTestFactory.java:46)
at automation.testsuite.LoginTestFactory.closeBrowser(LoginTestFactory.java:46)
at automation.testsuite.LoginTestFactory.closeBrowser(LoginTestFactory.java:46)
at automation.testsuite.LoginTestFactory.closeBrowser(LoginTestFactory.java:46)
at automation.testsuite.LoginTestFactory.closeBrowser(LoginTestFactory.java:46)
at automation.testsuite.LoginTestFactory.closeBrowser(LoginTestFactory.java:46)
at automation.testsuite.LoginTestFactory.closeBrowser(LoginTestFactory.java:46)
at automation.testsuite.LoginTestFactory.closeBrowser(LoginTestFactory.java:46)
at automation.testsuite.LoginTestFactory.closeBrowser(LoginTestFactory.java:46)
at automation.testsuite.LoginTestFactory.closeBrowser(LoginTestFactory.java:46)
at automation.testsuite.LoginTestFactory.closeBrowser(LoginTestFactory.java:46)
at automation.testsuite.LoginTestFactory.closeBrowser(LoginTestFactory.java:46)
at automation.testsuite.LoginTestFactory.closeBrowser(LoginTestFactory.java:46)
at automation.testsuite.LoginTestFactory.closeBrowser(LoginTestFactory.java:46)
at automation.testsuite.LoginTestFactory.closeBrowser(LoginTestFactory.java:46)
at automation.testsuite.LoginTestFactory.closeBrowser(LoginTestFactory.java:46)
at automation.testsuite.LoginTestFactory.closeBrowser(LoginTestFactory.java:46)
at automation.testsuite.LoginTestFactory.closeBrowser(LoginTestFactory.java:46)
at automation.testsuite.LoginTestFactory.closeBrowser(LoginTestFactory.java:46)
at automation.testsuite.LoginTestFactory.closeBrowser(LoginTestFactory.java:46)
at automation.testsuite.LoginTestFactory.closeBrowser(LoginTestFactory.java:46)
at automation.testsuite.LoginTestFactory.closeBrowser(LoginTestFactory.java:46)
at automation.testsuite.LoginTestFactory.closeBrowser(LoginTestFactory.java:46)
at automation.testsuite.LoginTestFactory.closeBrowser(LoginTestFactory.java:46)
at automation.testsuite.LoginTestFactory.closeBrowser(LoginTestFactory.java:46)
at automation.testsuite.LoginTestFactory.closeBrowser(LoginTestFactory.java:46)
at automation.testsuite.LoginTestFactory.closeBrowser(LoginTestFactory.java:46)
at automation.testsuite.LoginTestFactory.closeBrowser(LoginTestFactory.java:46)
at automation.testsuite.LoginTestFactory.closeBrowser(LoginTestFactory.java:46)
at automation.testsuite.LoginTestFactory.closeBrowser(LoginTestFactory.java:46)
at automation.testsuite.LoginTestFactory.closeBrowser(LoginTestFactory.java:46)
at automation.testsuite.LoginTestFactory.closeBrowser(LoginTestFactory.java:46)
at automation.testsuite.LoginTestFactory.closeBrowser(LoginTestFactory.java:46)
at automation.testsuite.LoginTestFactory.closeBrowser(LoginTestFactory.java:46)
at automation.testsuite.LoginTestFactory.closeBrowser(LoginTestFactory.java:46)
at automation.testsuite.LoginTestFactory.closeBrowser(LoginTestFactory.java:46)
at automation.testsuite.LoginTestFactory.closeBrowser(LoginTestFactory.java:46)
at automation.testsuite.LoginTestFactory.closeBrowser(LoginTestFactory.java:46)
at automation.testsuite.LoginTestFactory.closeBrowser(LoginTestFactory.java:46)
at automation.testsuite.LoginTestFactory.closeBrowser(LoginTestFactory.java:46)
at automation.testsuite.LoginTestFactory.closeBrowser(LoginTestFactory.java:46)
at automation.testsuite.LoginTestFactory.closeBrowser(LoginTestFactory.java:46)
at automation.testsuite.LoginTestFactory.closeBrowser(LoginTestFactory.java:46)
at automation.testsuite.LoginTestFactory.closeBrowser(LoginTestFactory.java:46)
at automation.testsuite.LoginTestFactory.closeBrowser(LoginTestFactory.java:46)
at automation.testsuite.LoginTestFactory.closeBrowser(LoginTestFactory.java:46)
at automation.testsuite.LoginTestFactory.closeBrowser(LoginTestFactory.java:46)
at automation.testsuite.LoginTestFactory.closeBrowser(LoginTestFactory.java:46)
at automation.testsuite.LoginTestFactory.closeBrowser(LoginTestFactory.java:46)
at automation.testsuite.LoginTestFactory.closeBrowser(LoginTestFactory.java:46)
at automation.testsuite.LoginTestFactory.closeBrowser(LoginTestFactory.java:46)
at automation.testsuite.LoginTestFactory.closeBrowser(LoginTestFactory.java:46)
at automation.testsuite.LoginTestFactory.closeBrowser(LoginTestFactory.java:46)
at automation.testsuite.LoginTestFactory.closeBrowser(LoginTestFactory.java:46)
at automation.testsuite.LoginTestFactory.closeBrowser(LoginTestFactory.java:46)
at automation.testsuite.LoginTestFactory.closeBrowser(LoginTestFactory.java:46)
at automation.testsuite.LoginTestFactory.closeBrowser(LoginTestFactory.java:46)
at automation.testsuite.LoginTestFactory.closeBrowser(LoginTestFactory.java:46)
at automation.testsuite.LoginTestFactory.closeBrowser(LoginTestFactory.java:46)
at automation.testsuite.LoginTestFactory.closeBrowser(LoginTestFactory.java:46)
at automation.testsuite.LoginTestFactory.closeBrowser(LoginTestFactory.java:46)
at automation.testsuite.LoginTestFactory.closeBrowser(LoginTestFactory.java:46)
at automation.testsuite.LoginTestFactory.closeBrowser(LoginTestFactory.java:46)
at automation.testsuite.LoginTestFactory.closeBrowser(LoginTestFactory.java:46)
at automation.testsuite.LoginTestFactory.closeBrowser(LoginTestFactory.java:46)
at automation.testsuite.LoginTestFactory.closeBrowser(LoginTestFactory.java:46)
at automation.testsuite.LoginTestFactory.closeBrowser(LoginTestFactory.java:46)
at automation.testsuite.LoginTestFactory.closeBrowser(LoginTestFactory.java:46)
at automation.testsuite.LoginTestFactory.closeBrowser(LoginTestFactory.java:46)
at automation.testsuite.LoginTestFactory.closeBrowser(LoginTestFactory.java:46)
at automation.testsuite.LoginTestFactory.closeBrowser(LoginTestFactory.java:46)
at automation.testsuite.LoginTestFactory.closeBrowser(LoginTestFactory.java:46)
at automation.testsuite.LoginTestFactory.closeBrowser(LoginTestFactory.java:46)
at automation.testsuite.LoginTestFactory.closeBrowser(LoginTestFactory.java:46)
at automation.testsuite.LoginTestFactory.closeBrowser(LoginTestFactory.java:46)
at automation.testsuite.LoginTestFactory.closeBrowser(LoginTestFactory.java:46)
at automation.testsuite.LoginTestFactory.closeBrowser(LoginTestFactory.java:46)
at automation.testsuite.LoginTestFactory.closeBrowser(LoginTestFactory.java:46)
at automation.testsuite.LoginTestFactory.closeBrowser(LoginTestFactory.java:46)
at automation.testsuite.LoginTestFactory.closeBrowser(LoginTestFactory.java:46)
at automation.testsuite.LoginTestFactory.closeBrowser(LoginTestFactory.java:46)
at automation.testsuite.LoginTestFactory.closeBrowser(LoginTestFactory.java:46)
at automation.testsuite.LoginTestFactory.closeBrowser(LoginTestFactory.java:46)
at automation.testsuite.LoginTestFactory.closeBrowser(LoginTestFactory.java:46)
at automation.testsuite.LoginTestFactory.closeBrowser(LoginTestFactory.java:46)
at automation.testsuite.LoginTestFactory.closeBrowser(LoginTestFactory.java:46)
at automation.testsuite.LoginTestFactory.closeBrowser(LoginTestFactory.java:46)
at automation.testsuite.LoginTestFactory.closeBrowser(LoginTestFactory.java:46)
at automation.testsuite.LoginTestFactory.closeBrowser(LoginTestFactory.java:46)
at automation.testsuite.LoginTestFactory.closeBrowser(LoginTestFactory.java:46)
at automation.testsuite.LoginTestFactory.closeBrowser(LoginTestFactory.java:46)
at automation.testsuite.LoginTestFactory.closeBrowser(LoginTestFactory.java:46)
at automation.testsuite.LoginTestFactory.closeBrowser(LoginTestFactory.java:46)
at automation.testsuite.LoginTestFactory.closeBrowser(LoginTestFactory.java:46)
at automation.testsuite.LoginTestFactory.closeBrowser(LoginTestFactory.java:46)
at automation.testsuite.LoginTestFactory.closeBrowser(LoginTestFactory.java:46)
at automation.testsuite.LoginTestFactory.closeBrowser(LoginTestFactory.java:46)
at automation.testsuite.LoginTestFactory.closeBrowser(LoginTestFactory.java:46)
at automation.testsuite.LoginTestFactory.closeBrowser(LoginTestFactory.java:46)
at automation.testsuite.LoginTestFactory.closeBrowser(LoginTestFactory.java:46)
at automation.testsuite.LoginTestFactory.closeBrowser(LoginTestFactory.java:46)
at automation.testsuite.LoginTestFactory.closeBrowser(LoginTestFactory.java:46)
at automation.testsuite.LoginTestFactory.closeBrowser(LoginTestFactory.java:46)
at automation.testsuite.LoginTestFactory.closeBrowser(LoginTestFactory.java:46)
at automation.testsuite.LoginTestFactory.closeBrowser(LoginTestFactory.java:46)
at automation.testsuite.LoginTestFactory.closeBrowser(LoginTestFactory.java:46)
at automation.testsuite.LoginTestFactory.closeBrowser(LoginTestFactory.java:46)
at automation.testsuite.LoginTestFactory.closeBrowser(LoginTestFactory.java:46)
at automation.testsuite.LoginTestFactory.closeBrowser(LoginTestFactory.java:46)
at automation.testsuite.LoginTestFactory.closeBrowser(LoginTestFactory.java:46)
at automation.testsuite.LoginTestFactory.closeBrowser(LoginTestFactory.java:46)
at automation.testsuite.LoginTestFactory.closeBrowser(LoginTestFactory.java:46)
at automation.testsuite.LoginTestFactory.closeBrowser(LoginTestFactory.java:46)
at automation.testsuite.LoginTestFactory.closeBrowser(LoginTestFactory.java:46)
at automation.testsuite.LoginTestFactory.closeBrowser(LoginTestFactory.java:46)
at automation.testsuite.LoginTestFactory.closeBrowser(LoginTestFactory.java:46)
at automation.testsuite.LoginTestFactory.closeBrowser(LoginTestFactory.java:46)
at automation.testsuite.LoginTestFactory.closeBrowser(LoginTestFactory.java:46)
at automation.testsuite.LoginTestFactory.closeBrowser(LoginTestFactory.java:46)
at automation.testsuite.LoginTestFactory.closeBrowser(LoginTestFactory.java:46)
at automation.testsuite.LoginTestFactory.closeBrowser(LoginTestFactory.java:46)
at automation.testsuite.LoginTestFactory.closeBrowser(LoginTestFactory.java:46)
at automation.testsuite.LoginTestFactory.closeBrowser(LoginTestFactory.java:46)
at automation.testsuite.LoginTestFactory.closeBrowser(LoginTestFactory.java:46)
at automation.testsuite.LoginTestFactory.closeBrowser(LoginTestFactory.java:46)
at automation.testsuite.LoginTestFactory.closeBrowser(LoginTestFactory.java:46)
at automation.testsuite.LoginTestFactory.closeBrowser(LoginTestFactory.java:46)
at automation.testsuite.LoginTestFactory.closeBrowser(LoginTestFactory.java:46)
at automation.testsuite.LoginTestFactory.closeBrowser(LoginTestFactory.java:46)
at automation.testsuite.LoginTestFactory.closeBrowser(LoginTestFactory.java:46)
at automation.testsuite.LoginTestFactory.closeBrowser(LoginTestFactory.java:46)
at automation.testsuite.LoginTestFactory.closeBrowser(LoginTestFactory.java:46)
at automation.testsuite.LoginTestFactory.closeBrowser(LoginTestFactory.java:46)
at automation.testsuite.LoginTestFactory.closeBrowser(LoginTestFactory.java:46)
at automation.testsuite.LoginTestFactory.closeBrowser(LoginTestFactory.java:46)
at automation.testsuite.LoginTestFactory.closeBrowser(LoginTestFactory.java:46)
at automation.testsuite.LoginTestFactory.closeBrowser(LoginTestFactory.java:46)
at automation.testsuite.LoginTestFactory.closeBrowser(LoginTestFactory.java:46)
at automation.testsuite.LoginTestFactory.closeBrowser(LoginTestFactory.java:46)
at automation.testsuite.LoginTestFactory.closeBrowser(LoginTestFactory.java:46)
at automation.testsuite.LoginTestFactory.closeBrowser(LoginTestFactory.java:46)
at automation.testsuite.LoginTestFactory.closeBrowser(LoginTestFactory.java:46)
at automation.testsuite.LoginTestFactory.closeBrowser(LoginTestFactory.java:46)
at automation.testsuite.LoginTestFactory.closeBrowser(LoginTestFactory.java:46)
at automation.testsuite.LoginTestFactory.closeBrowser(LoginTestFactory.java:46)
at automation.testsuite.LoginTestFactory.closeBrowser(LoginTestFactory.java:46)
at automation.testsuite.LoginTestFactory.closeBrowser(LoginTestFactory.java:46)
at automation.testsuite.LoginTestFactory.closeBrowser(LoginTestFactory.java:46)
at automation.testsuite.LoginTestFactory.closeBrowser(LoginTestFactory.java:46)
at automation.testsuite.LoginTestFactory.closeBrowser(LoginTestFactory.java:46)
at automation.testsuite.LoginTestFactory.closeBrowser(LoginTestFactory.java:46)
at automation.testsuite.LoginTestFactory.closeBrowser(LoginTestFactory.java:46)
at automation.testsuite.LoginTestFactory.closeBrowser(LoginTestFactory.java:46)
at automation.testsuite.LoginTestFactory.closeBrowser(LoginTestFactory.java:46)
at automation.testsuite.LoginTestFactory.closeBrowser(LoginTestFactory.java:46)
at automation.testsuite.LoginTestFactory.closeBrowser(LoginTestFactory.java:46)
at automation.testsuite.LoginTestFactory.closeBrowser(LoginTestFactory.java:46)
at automation.testsuite.LoginTestFactory.closeBrowser(LoginTestFactory.java:46)
at automation.testsuite.LoginTestFactory.closeBrowser(LoginTestFactory.java:46)
at automation.testsuite.LoginTestFactory.closeBrowser(LoginTestFactory.java:46)
at automation.testsuite.LoginTestFactory.closeBrowser(LoginTestFactory.java:46)
at automation.testsuite.LoginTestFactory.closeBrowser(LoginTestFactory.java:46)
at automation.testsuite.LoginTestFactory.closeBrowser(LoginTestFactory.java:46)
at automation.testsuite.LoginTestFactory.closeBrowser(LoginTestFactory.java:46)
at automation.testsuite.LoginTestFactory.closeBrowser(LoginTestFactory.java:46)
at automation.testsuite.LoginTestFactory.closeBrowser(LoginTestFactory.java:46)
at automation.testsuite.LoginTestFactory.closeBrowser(LoginTestFactory.java:46)
at automation.testsuite.LoginTestFactory.closeBrowser(LoginTestFactory.java:46)
at automation.testsuite.LoginTestFactory.closeBrowser(LoginTestFactory.java:46)
at automation.testsuite.LoginTestFactory.closeBrowser(LoginTestFactory.java:46)
at automation.testsuite.LoginTestFactory.closeBrowser(LoginTestFactory.java:46)
at automation.testsuite.LoginTestFactory.closeBrowser(LoginTestFactory.java:46)
at automation.testsuite.LoginTestFactory.closeBrowser(LoginTestFactory.java:46)
at automation.testsuite.LoginTestFactory.closeBrowser(LoginTestFactory.java:46)
at automation.testsuite.LoginTestFactory.closeBrowser(LoginTestFactory.java:46)
at automation.testsuite.LoginTestFactory.closeBrowser(LoginTestFactory.java:46)
at automation.testsuite.LoginTestFactory.closeBrowser(LoginTestFactory.java:46)
at automation.testsuite.LoginTestFactory.closeBrowser(LoginTestFactory.java:46)
at automation.testsuite.LoginTestFactory.closeBrowser(LoginTestFactory.java:46)
at automation.testsuite.LoginTestFactory.closeBrowser(LoginTestFactory.java:46)
at automation.testsuite.LoginTestFactory.closeBrowser(LoginTestFactory.java:46)
at automation.testsuite.LoginTestFactory.closeBrowser(LoginTestFactory.java:46)
at automation.testsuite.LoginTestFactory.closeBrowser(LoginTestFactory.java:46)
at automation.testsuite.LoginTestFactory.closeBrowser(LoginTestFactory.java:46)
at automation.testsuite.LoginTestFactory.closeBrowser(LoginTestFactory.java:46)
at automation.testsuite.LoginTestFactory.closeBrowser(LoginTestFactory.java:46)
at automation.testsuite.LoginTestFactory.closeBrowser(LoginTestFactory.java:46)
at automation.testsuite.LoginTestFactory.closeBrowser(LoginTestFactory.java:46)
at automation.testsuite.LoginTestFactory.closeBrowser(LoginTestFactory.java:46)
at automation.testsuite.LoginTestFactory.closeBrowser(LoginTestFactory.java:46)
at automation.testsuite.LoginTestFactory.closeBrowser(LoginTestFactory.java:46)
at automation.testsuite.LoginTestFactory.closeBrowser(LoginTestFactory.java:46)
at automation.testsuite.LoginTestFactory.closeBrowser(LoginTestFactory.java:46)
at automation.testsuite.LoginTestFactory.closeBrowser(LoginTestFactory.java:46)
at automation.testsuite.LoginTestFactory.closeBrowser(LoginTestFactory.java:46)
at automation.testsuite.LoginTestFactory.closeBrowser(LoginTestFactory.java:46)
at automation.testsuite.LoginTestFactory.closeBrowser(LoginTestFactory.java:46)
at automation.testsuite.LoginTestFactory.closeBrowser(LoginTestFactory.java:46)
at automation.testsuite.LoginTestFactory.closeBrowser(LoginTestFactory.java:46)
at automation.testsuite.LoginTestFactory.closeBrowser(LoginTestFactory.java:46)
at automation.testsuite.LoginTestFactory.closeBrowser(LoginTestFactory.java:46)
at automation.testsuite.LoginTestFactory.closeBrowser(LoginTestFactory.java:46)
at automation.testsuite.LoginTestFactory.closeBrowser(LoginTestFactory.java:46)
at automation.testsuite.LoginTestFactory.closeBrowser(LoginTestFactory.java:46)
at automation.testsuite.LoginTestFactory.closeBrowser(LoginTestFactory.java:46)
at automation.testsuite.LoginTestFactory.closeBrowser(LoginTestFactory.java:46)
at automation.testsuite.LoginTestFactory.closeBrowser(LoginTestFactory.java:46)
at automation.testsuite.LoginTestFactory.closeBrowser(LoginTestFactory.java:46)
at automation.testsuite.LoginTestFactory.closeBrowser(LoginTestFactory.java:46)
at automation.testsuite.LoginTestFactory.closeBrowser(LoginTestFactory.java:46)
at automation.testsuite.LoginTestFactory.closeBrowser(LoginTestFactory.java:46)
at automation.testsuite.LoginTestFactory.closeBrowser(LoginTestFactory.java:46)
at automation.testsuite.LoginTestFactory.closeBrowser(LoginTestFactory.java:46)
at automation.testsuite.LoginTestFactory.closeBrowser(LoginTestFactory.java:46)
at automation.testsuite.LoginTestFactory.closeBrowser(LoginTestFactory.java:46)
at automation.testsuite.LoginTestFactory.closeBrowser(LoginTestFactory.java:46)
at automation.testsuite.LoginTestFactory.closeBrowser(LoginTestFactory.java:46)
at automation.testsuite.LoginTestFactory.closeBrowser(LoginTestFactory.java:46)
at automation.testsuite.LoginTestFactory.closeBrowser(LoginTestFactory.java:46)
at automation.testsuite.LoginTestFactory.closeBrowser(LoginTestFactory.java:46)
at automation.testsuite.LoginTestFactory.closeBrowser(LoginTestFactory.java:46)
at automation.testsuite.LoginTestFactory.closeBrowser(LoginTestFactory.java:46)
at automation.testsuite.LoginTestFactory.closeBrowser(LoginTestFactory.java:46)
at automation.testsuite.LoginTestFactory.closeBrowser(LoginTestFactory.java:46)
at automation.testsuite.LoginTestFactory.closeBrowser(LoginTestFactory.java:46)
at automation.testsuite.LoginTestFactory.closeBrowser(LoginTestFactory.java:46)
at automation.testsuite.LoginTestFactory.closeBrowser(LoginTestFactory.java:46)
at automation.testsuite.LoginTestFactory.closeBrowser(LoginTestFactory.java:46)
at automation.testsuite.LoginTestFactory.closeBrowser(LoginTestFactory.java:46)
at automation.testsuite.LoginTestFactory.closeBrowser(LoginTestFactory.java:46)
at automation.testsuite.LoginTestFactory.closeBrowser(LoginTestFactory.java:46)
at automation.testsuite.LoginTestFactory.closeBrowser(LoginTestFactory.java:46)
at automation.testsuite.LoginTestFactory.closeBrowser(LoginTestFactory.java:46)
at automation.testsuite.LoginTestFactory.closeBrowser(LoginTestFactory.java:46)
at automation.testsuite.LoginTestFactory.closeBrowser(LoginTestFactory.java:46)
at automation.testsuite.LoginTestFactory.closeBrowser(LoginTestFactory.java:46)
at automation.testsuite.LoginTestFactory.closeBrowser(LoginTestFactory.java:46)
at automation.testsuite.LoginTestFactory.closeBrowser(LoginTestFactory.java:46)
at automation.testsuite.LoginTestFactory.closeBrowser(LoginTestFactory.java:46)
at automation.testsuite.LoginTestFactory.closeBrowser(LoginTestFactory.java:46)
at automation.testsuite.LoginTestFactory.closeBrowser(LoginTestFactory.java:46)
at automation.testsuite.LoginTestFactory.closeBrowser(LoginTestFactory.java:46)
at automation.testsuite.LoginTestFactory.closeBrowser(LoginTestFactory.java:46)
at automation.testsuite.LoginTestFactory.closeBrowser(LoginTestFactory.java:46)
at automation.testsuite.LoginTestFactory.closeBrowser(LoginTestFactory.java:46)
at automation.testsuite.LoginTestFactory.closeBrowser(LoginTestFactory.java:46)
at automation.testsuite.LoginTestFactory.closeBrowser(LoginTestFactory.java:46)
at automation.testsuite.LoginTestFactory.closeBrowser(LoginTestFactory.java:46)
at automation.testsuite.LoginTestFactory.closeBrowser(LoginTestFactory.java:46)
at automation.testsuite.LoginTestFactory.closeBrowser(LoginTestFactory.java:46)
at automation.testsuite.LoginTestFactory.closeBrowser(LoginTestFactory.java:46)
at automation.testsuite.LoginTestFactory.closeBrowser(LoginTestFactory.java:46)
at automation.testsuite.LoginTestFactory.closeBrowser(LoginTestFactory.java:46)
at automation.testsuite.LoginTestFactory.closeBrowser(LoginTestFactory.java:46)
at automation.testsuite.LoginTestFactory.closeBrowser(LoginTestFactory.java:46)
at automation.testsuite.LoginTestFactory.closeBrowser(LoginTestFactory.java:46)
at automation.testsuite.LoginTestFactory.closeBrowser(LoginTestFactory.java:46)
at automation.testsuite.LoginTestFactory.closeBrowser(LoginTestFactory.java:46)
at automation.testsuite.LoginTestFactory.closeBrowser(LoginTestFactory.java:46)
at automation.testsuite.LoginTestFactory.closeBrowser(LoginTestFactory.java:46)
at automation.testsuite.LoginTestFactory.closeBrowser(LoginTestFactory.java:46)
at automation.testsuite.LoginTestFactory.closeBrowser(LoginTestFactory.java:46)
at automation.testsuite.LoginTestFactory.closeBrowser(LoginTestFactory.java:46)
at automation.testsuite.LoginTestFactory.closeBrowser(LoginTestFactory.java:46)
at automation.testsuite.LoginTestFactory.closeBrowser(LoginTestFactory.java:46)
at automation.testsuite.LoginTestFactory.closeBrowser(LoginTestFactory.java:46)
at automation.testsuite.LoginTestFactory.closeBrowser(LoginTestFactory.java:46)
at automation.testsuite.LoginTestFactory.closeBrowser(LoginTestFactory.java:46)
at automation.testsuite.LoginTestFactory.closeBrowser(LoginTestFactory.java:46)
at automation.testsuite.LoginTestFactory.closeBrowser(LoginTestFactory.java:46)
at automation.testsuite.LoginTestFactory.closeBrowser(LoginTestFactory.java:46)
at automation.testsuite.LoginTestFactory.closeBrowser(LoginTestFactory.java:46)
at automation.testsuite.LoginTestFactory.closeBrowser(LoginTestFactory.java:46)
at automation.testsuite.LoginTestFactory.closeBrowser(LoginTestFactory.java:46)
at automation.testsuite.LoginTestFactory.closeBrowser(LoginTestFactory.java:46)
at automation.testsuite.LoginTestFactory.closeBrowser(LoginTestFactory.java:46)
at automation.testsuite.LoginTestFactory.closeBrowser(LoginTestFactory.java:46)
at automation.testsuite.LoginTestFactory.closeBrowser(LoginTestFactory.java:46)
at automation.testsuite.LoginTestFactory.closeBrowser(LoginTestFactory.java:46)
at automation.testsuite.LoginTestFactory.closeBrowser(LoginTestFactory.java:46)
at automation.testsuite.LoginTestFactory.closeBrowser(LoginTestFactory.java:46)
at automation.testsuite.LoginTestFactory.closeBrowser(LoginTestFactory.java:46)
at automation.testsuite.LoginTestFactory.closeBrowser(LoginTestFactory.java:46)
at automation.testsuite.LoginTestFactory.closeBrowser(LoginTestFactory.java:46)
at automation.testsuite.LoginTestFactory.closeBrowser(LoginTestFactory.java:46)
at automation.testsuite.LoginTestFactory.closeBrowser(LoginTestFactory.java:46)
at automation.testsuite.LoginTestFactory.closeBrowser(LoginTestFactory.java:46)
at automation.testsuite.LoginTestFactory.closeBrowser(LoginTestFactory.java:46)
at automation.testsuite.LoginTestFactory.closeBrowser(LoginTestFactory.java:46)
at automation.testsuite.LoginTestFactory.closeBrowser(LoginTestFactory.java:46)
at automation.testsuite.LoginTestFactory.closeBrowser(LoginTestFactory.java:46)
at automation.testsuite.LoginTestFactory.closeBrowser(LoginTestFactory.java:46)
at automation.testsuite.LoginTestFactory.closeBrowser(LoginTestFactory.java:46)
at automation.testsuite.LoginTestFactory.closeBrowser(LoginTestFactory.java:46)
at automation.testsuite.LoginTestFactory.closeBrowser(LoginTestFactory.java:46)
at automation.testsuite.LoginTestFactory.closeBrowser(LoginTestFactory.java:46)
at automation.testsuite.LoginTestFactory.closeBrowser(LoginTestFactory.java:46)
at automation.testsuite.LoginTestFactory.closeBrowser(LoginTestFactory.java:46)
at automation.testsuite.LoginTestFactory.closeBrowser(LoginTestFactory.java:46)
at automation.testsuite.LoginTestFactory.closeBrowser(LoginTestFactory.java:46)
at automation.testsuite.LoginTestFactory.closeBrowser(LoginTestFactory.java:46)
at automation.testsuite.LoginTestFactory.closeBrowser(LoginTestFactory.java:46)
at automation.testsuite.LoginTestFactory.closeBrowser(LoginTestFactory.java:46)
at automation.testsuite.LoginTestFactory.closeBrowser(LoginTestFactory.java:46)
at automation.testsuite.LoginTestFactory.closeBrowser(LoginTestFactory.java:46)
at automation.testsuite.LoginTestFactory.closeBrowser(LoginTestFactory.java:46)
at automation.testsuite.LoginTestFactory.closeBrowser(LoginTestFactory.java:46)
at automation.testsuite.LoginTestFactory.closeBrowser(LoginTestFactory.java:46)
at automation.testsuite.LoginTestFactory.closeBrowser(LoginTestFactory.java:46)
at automation.testsuite.LoginTestFactory.closeBrowser(LoginTestFactory.java:46)
at automation.testsuite.LoginTestFactory.closeBrowser(LoginTestFactory.java:46)
at automation.testsuite.LoginTestFactory.closeBrowser(LoginTestFactory.java:46)
at automation.testsuite.LoginTestFactory.closeBrowser(LoginTestFactory.java:46)
at automation.testsuite.LoginTestFactory.closeBrowser(LoginTestFactory.java:46)
at automation.testsuite.LoginTestFactory.closeBrowser(LoginTestFactory.java:46)
at automation.testsuite.LoginTestFactory.closeBrowser(LoginTestFactory.java:46)
at automation.testsuite.LoginTestFactory.closeBrowser(LoginTestFactory.java:46)
at automation.testsuite.LoginTestFactory.closeBrowser(LoginTestFactory.java:46)
at automation.testsuite.LoginTestFactory.closeBrowser(LoginTestFactory.java:46)
at automation.testsuite.LoginTestFactory.closeBrowser(LoginTestFactory.java:46)
at automation.testsuite.LoginTestFactory.closeBrowser(LoginTestFactory.java:46)
at automation.testsuite.LoginTestFactory.closeBrowser(LoginTestFactory.java:46)
at automation.testsuite.LoginTestFactory.closeBrowser(LoginTestFactory.java:46)
at automation.testsuite.LoginTestFactory.closeBrowser(LoginTestFactory.java:46)
at automation.testsuite.LoginTestFactory.closeBrowser(LoginTestFactory.java:46)
at automation.testsuite.LoginTestFactory.closeBrowser(LoginTestFactory.java:46)
at automation.testsuite.LoginTestFactory.closeBrowser(LoginTestFactory.java:46)
at automation.testsuite.LoginTestFactory.closeBrowser(LoginTestFactory.java:46)
at automation.testsuite.LoginTestFactory.closeBrowser(LoginTestFactory.java:46)
at automation.testsuite.LoginTestFactory.closeBrowser(LoginTestFactory.java:46)
at automation.testsuite.LoginTestFactory.closeBrowser(LoginTestFactory.java:46)
at automation.testsuite.LoginTestFactory.closeBrowser(LoginTestFactory.java:46)
at automation.testsuite.LoginTestFactory.closeBrowser(LoginTestFactory.java:46)
at automation.testsuite.LoginTestFactory.closeBrowser(LoginTestFactory.java:46)
at automation.testsuite.LoginTestFactory.closeBrowser(LoginTestFactory.java:46)
at automation.testsuite.LoginTestFactory.closeBrowser(LoginTestFactory.java:46)
at automation.testsuite.LoginTestFactory.closeBrowser(LoginTestFactory.java:46)
at automation.testsuite.LoginTestFactory.closeBrowser(LoginTestFactory.java:46)
at automation.testsuite.LoginTestFactory.closeBrowser(LoginTestFactory.java:46)
at automation.testsuite.LoginTestFactory.closeBrowser(LoginTestFactory.java:46)
at automation.testsuite.LoginTestFactory.closeBrowser(LoginTestFactory.java:46)
at automation.testsuite.LoginTestFactory.closeBrowser(LoginTestFactory.java:46)
at automation.testsuite.LoginTestFactory.closeBrowser(LoginTestFactory.java:46)
at automation.testsuite.LoginTestFactory.closeBrowser(LoginTestFactory.java:46)
at automation.testsuite.LoginTestFactory.closeBrowser(LoginTestFactory.java:46)
at automation.testsuite.LoginTestFactory.closeBrowser(LoginTestFactory.java:46)
at automation.testsuite.LoginTestFactory.closeBrowser(LoginTestFactory.java:46)
at automation.testsuite.LoginTestFactory.closeBrowser(LoginTestFactory.java:46)
at automation.testsuite.LoginTestFactory.closeBrowser(LoginTestFactory.java:46)
at automation.testsuite.LoginTestFactory.closeBrowser(LoginTestFactory.java:46)
at automation.testsuite.LoginTestFactory.closeBrowser(LoginTestFactory.java:46)
at automation.testsuite.LoginTestFactory.closeBrowser(LoginTestFactory.java:46)
at automation.testsuite.LoginTestFactory.closeBrowser(LoginTestFactory.java:46)
at automation.testsuite.LoginTestFactory.closeBrowser(LoginTestFactory.java:46)
at automation.testsuite.LoginTestFactory.closeBrowser(LoginTestFactory.java:46)
at automation.testsuite.LoginTestFactory.closeBrowser(LoginTestFactory.java:46)
at automation.testsuite.LoginTestFactory.closeBrowser(LoginTestFactory.java:46)
at automation.testsuite.LoginTestFactory.closeBrowser(LoginTestFactory.java:46)
at automation.testsuite.LoginTestFactory.closeBrowser(LoginTestFactory.java:46)
at automation.testsuite.LoginTestFactory.closeBrowser(LoginTestFactory.java:46)
at automation.testsuite.LoginTestFactory.closeBrowser(LoginTestFactory.java:46)
at automation.testsuite.LoginTestFactory.closeBrowser(LoginTestFactory.java:46)
at automation.testsuite.LoginTestFactory.closeBrowser(LoginTestFactory.java:46)
at automation.testsuite.LoginTestFactory.closeBrowser(LoginTestFactory.java:46)
at automation.testsuite.LoginTestFactory.closeBrowser(LoginTestFactory.java:46)
at automation.testsuite.LoginTestFactory.closeBrowser(LoginTestFactory.java:46)
at automation.testsuite.LoginTestFactory.closeBrowser(LoginTestFactory.java:46)
at automation.testsuite.LoginTestFactory.closeBrowser(LoginTestFactory.java:46)
at automation.testsuite.LoginTestFactory.closeBrowser(LoginTestFactory.java:46)
at automation.testsuite.LoginTestFactory.closeBrowser(LoginTestFactory.java:46)
at automation.testsuite.LoginTestFactory.closeBrowser(LoginTestFactory.java:46)
at automation.testsuite.LoginTestFactory.closeBrowser(LoginTestFactory.java:46)
at automation.testsuite.LoginTestFactory.closeBrowser(LoginTestFactory.java:46)
at automation.testsuite.LoginTestFactory.closeBrowser(LoginTestFactory.java:46)
at automation.testsuite.LoginTestFactory.closeBrowser(LoginTestFactory.java:46)
at automation.testsuite.LoginTestFactory.closeBrowser(LoginTestFactory.java:46)
at automation.testsuite.LoginTestFactory.closeBrowser(LoginTestFactory.java:46)
at automation.testsuite.LoginTestFactory.closeBrowser(LoginTestFactory.java:46)
at automation.testsuite.LoginTestFactory.closeBrowser(LoginTestFactory.java:46)
at automation.testsuite.LoginTestFactory.closeBrowser(LoginTestFactory.java:46)
at automation.testsuite.LoginTestFactory.closeBrowser(LoginTestFactory.java:46)
at automation.testsuite.LoginTestFactory.closeBrowser(LoginTestFactory.java:46)
at automation.testsuite.LoginTestFactory.closeBrowser(LoginTestFactory.java:46)
at automation.testsuite.LoginTestFactory.closeBrowser(LoginTestFactory.java:46)
at automation.testsuite.LoginTestFactory.closeBrowser(LoginTestFactory.java:46)
at automation.testsuite.LoginTestFactory.closeBrowser(LoginTestFactory.java:46)
at automation.testsuite.LoginTestFactory.closeBrowser(LoginTestFactory.java:46)
at automation.testsuite.LoginTestFactory.closeBrowser(LoginTestFactory.java:46)
at automation.testsuite.LoginTestFactory.closeBrowser(LoginTestFactory.java:46)
at automation.testsuite.LoginTestFactory.closeBrowser(LoginTestFactory.java:46)
at automation.testsuite.LoginTestFactory.closeBrowser(LoginTestFactory.java:46)
at automation.testsuite.LoginTestFactory.closeBrowser(LoginTestFactory.java:46)
at automation.testsuite.LoginTestFactory.closeBrowser(LoginTestFactory.java:46)
at automation.testsuite.LoginTestFactory.closeBrowser(LoginTestFactory.java:46)
at automation.testsuite.LoginTestFactory.closeBrowser(LoginTestFactory.java:46)
at automation.testsuite.LoginTestFactory.closeBrowser(LoginTestFactory.java:46)
at automation.testsuite.LoginTestFactory.closeBrowser(LoginTestFactory.java:46)
at automation.testsuite.LoginTestFactory.closeBrowser(LoginTestFactory.java:46)
at automation.testsuite.LoginTestFactory.closeBrowser(LoginTestFactory.java:46)
at automation.testsuite.LoginTestFactory.closeBrowser(LoginTestFactory.java:46)
at automation.testsuite.LoginTestFactory.closeBrowser(LoginTestFactory.java:46)
at automation.testsuite.LoginTestFactory.closeBrowser(LoginTestFactory.java:46)
at automation.testsuite.LoginTestFactory.closeBrowser(LoginTestFactory.java:46)
at automation.testsuite.LoginTestFactory.closeBrowser(LoginTestFactory.java:46)
at automation.testsuite.LoginTestFactory.closeBrowser(LoginTestFactory.java:46)
at automation.testsuite.LoginTestFactory.closeBrowser(LoginTestFactory.java:46)
at automation.testsuite.LoginTestFactory.closeBrowser(LoginTestFactory.java:46)
at automation.testsuite.LoginTestFactory.closeBrowser(LoginTestFactory.java:46)
at automation.testsuite.LoginTestFactory.closeBrowser(LoginTestFactory.java:46)
at automation.testsuite.LoginTestFactory.closeBrowser(LoginTestFactory.java:46)
at automation.testsuite.LoginTestFactory.closeBrowser(LoginTestFactory.java:46)
at automation.testsuite.LoginTestFactory.closeBrowser(LoginTestFactory.java:46)
at automation.testsuite.LoginTestFactory.closeBrowser(LoginTestFactory.java:46)
at automation.testsuite.LoginTestFactory.closeBrowser(LoginTestFactory.java:46)
at automation.testsuite.LoginTestFactory.closeBrowser(LoginTestFactory.java:46)
at automation.testsuite.LoginTestFactory.closeBrowser(LoginTestFactory.java:46)
at automation.testsuite.LoginTestFactory.closeBrowser(LoginTestFactory.java:46)
at automation.testsuite.LoginTestFactory.closeBrowser(LoginTestFactory.java:46)
at automation.testsuite.LoginTestFactory.closeBrowser(LoginTestFactory.java:46)
at automation.testsuite.LoginTestFactory.closeBrowser(LoginTestFactory.java:46)
at automation.testsuite.LoginTestFactory.closeBrowser(LoginTestFactory.java:46)
at automation.testsuite.LoginTestFactory.closeBrowser(LoginTestFactory.java:46)
at automation.testsuite.LoginTestFactory.closeBrowser(LoginTestFactory.java:46)
at automation.testsuite.LoginTestFactory.closeBrowser(LoginTestFactory.java:46)
at automation.testsuite.LoginTestFactory.closeBrowser(LoginTestFactory.java:46)
at automation.testsuite.LoginTestFactory.closeBrowser(LoginTestFactory.java:46)
at automation.testsuite.LoginTestFactory.closeBrowser(LoginTestFactory.java:46)
at automation.testsuite.LoginTestFactory.closeBrowser(LoginTestFactory.java:46)
at automation.testsuite.LoginTestFactory.closeBrowser(LoginTestFactory.java:46)
at automation.testsuite.LoginTestFactory.closeBrowser(LoginTestFactory.java:46)
at automation.testsuite.LoginTestFactory.closeBrowser(LoginTestFactory.java:46)
at automation.testsuite.LoginTestFactory.closeBrowser(LoginTestFactory.java:46)
at automation.testsuite.LoginTestFactory.closeBrowser(LoginTestFactory.java:46)
at automation.testsuite.LoginTestFactory.closeBrowser(LoginTestFactory.java:46)
at automation.testsuite.LoginTestFactory.closeBrowser(LoginTestFactory.java:46)
at automation.testsuite.LoginTestFactory.closeBrowser(LoginTestFactory.java:46)
at automation.testsuite.LoginTestFactory.closeBrowser(LoginTestFactory.java:46)
at automation.testsuite.LoginTestFactory.closeBrowser(LoginTestFactory.java:46)
at automation.testsuite.LoginTestFactory.closeBrowser(LoginTestFactory.java:46)
at automation.testsuite.LoginTestFactory.closeBrowser(LoginTestFactory.java:46)
at automation.testsuite.LoginTestFactory.closeBrowser(LoginTestFactory.java:46)
at automation.testsuite.LoginTestFactory.closeBrowser(LoginTestFactory.java:46)
at automation.testsuite.LoginTestFactory.closeBrowser(LoginTestFactory.java:46)
at automation.testsuite.LoginTestFactory.closeBrowser(LoginTestFactory.java:46)
at automation.testsuite.LoginTestFactory.closeBrowser(LoginTestFactory.java:46)
at automation.testsuite.LoginTestFactory.closeBrowser(LoginTestFactory.java:46)
at automation.testsuite.LoginTestFactory.closeBrowser(LoginTestFactory.java:46)
at automation.testsuite.LoginTestFactory.closeBrowser(LoginTestFactory.java:46)
at automation.testsuite.LoginTestFactory.closeBrowser(LoginTestFactory.java:46)
at automation.testsuite.LoginTestFactory.closeBrowser(LoginTestFactory.java:46)
at automation.testsuite.LoginTestFactory.closeBrowser(LoginTestFactory.java:46)
at automation.testsuite.LoginTestFactory.closeBrowser(LoginTestFactory.java:46)
at automation.testsuite.LoginTestFactory.closeBrowser(LoginTestFactory.java:46)
at automation.testsuite.LoginTestFactory.closeBrowser(LoginTestFactory.java:46)
at automation.testsuite.LoginTestFactory.closeBrowser(LoginTestFactory.java:46)
at automation.testsuite.LoginTestFactory.closeBrowser(LoginTestFactory.java:46)
at automation.testsuite.LoginTestFactory.closeBrowser(LoginTestFactory.java:46)
at automation.testsuite.LoginTestFactory.closeBrowser(LoginTestFactory.java:46)
at automation.testsuite.LoginTestFactory.closeBrowser(LoginTestFactory.java:46)
at automation.testsuite.LoginTestFactory.closeBrowser(LoginTestFactory.java:46)
at automation.testsuite.LoginTestFactory.closeBrowser(LoginTestFactory.java:46)
at automation.testsuite.LoginTestFactory.closeBrowser(LoginTestFactory.java:46)
at automation.testsuite.LoginTestFactory.closeBrowser(LoginTestFactory.java:46)
at automation.testsuite.LoginTestFactory.closeBrowser(LoginTestFactory.java:46)
at automation.testsuite.LoginTestFactory.closeBrowser(LoginTestFactory.java:46)
at automation.testsuite.LoginTestFactory.closeBrowser(LoginTestFactory.java:46)
at automation.testsuite.LoginTestFactory.closeBrowser(LoginTestFactory.java:46)
at automation.testsuite.LoginTestFactory.closeBrowser(LoginTestFactory.java:46)
at automation.testsuite.LoginTestFactory.closeBrowser(LoginTestFactory.java:46)
at automation.testsuite.LoginTestFactory.closeBrowser(LoginTestFactory.java:46)
at automation.testsuite.LoginTestFactory.closeBrowser(LoginTestFactory.java:46)
at automation.testsuite.LoginTestFactory.closeBrowser(LoginTestFactory.java:46)
at automation.testsuite.LoginTestFactory.closeBrowser(LoginTestFactory.java:46)
at automation.testsuite.LoginTestFactory.closeBrowser(LoginTestFactory.java:46)
at automation.testsuite.LoginTestFactory.closeBrowser(LoginTestFactory.java:46)
at automation.testsuite.LoginTestFactory.closeBrowser(LoginTestFactory.java:46)
at automation.testsuite.LoginTestFactory.closeBrowser(LoginTestFactory.java:46)
at automation.testsuite.LoginTestFactory.closeBrowser(LoginTestFactory.java:46)
at automation.testsuite.LoginTestFactory.closeBrowser(LoginTestFactory.java:46)
at automation.testsuite.LoginTestFactory.closeBrowser(LoginTestFactory.java:46)
at automation.testsuite.LoginTestFactory.closeBrowser(LoginTestFactory.java:46)
at automation.testsuite.LoginTestFactory.closeBrowser(LoginTestFactory.java:46)
at automation.testsuite.LoginTestFactory.closeBrowser(LoginTestFactory.java:46)
at automation.testsuite.LoginTestFactory.closeBrowser(LoginTestFactory.java:46)
at automation.testsuite.LoginTestFactory.closeBrowser(LoginTestFactory.java:46)
at automation.testsuite.LoginTestFactory.closeBrowser(LoginTestFactory.java:46)
at automation.testsuite.LoginTestFactory.closeBrowser(LoginTestFactory.java:46)
at automation.testsuite.LoginTestFactory.closeBrowser(LoginTestFactory.java:46)
at automation.testsuite.LoginTestFactory.closeBrowser(LoginTestFactory.java:46)
at automation.testsuite.LoginTestFactory.closeBrowser(LoginTestFactory.java:46)
at automation.testsuite.LoginTestFactory.closeBrowser(LoginTestFactory.java:46)
at automation.testsuite.LoginTestFactory.closeBrowser(LoginTestFactory.java:46)
at automation.testsuite.LoginTestFactory.closeBrowser(LoginTestFactory.java:46)
at automation.testsuite.LoginTestFactory.closeBrowser(LoginTestFactory.java:46)
at automation.testsuite.LoginTestFactory.closeBrowser(LoginTestFactory.java:46)
at automation.testsuite.LoginTestFactory.closeBrowser(LoginTestFactory.java:46)
at automation.testsuite.LoginTestFactory.closeBrowser(LoginTestFactory.java:46)
at automation.testsuite.LoginTestFactory.closeBrowser(LoginTestFactory.java:46)
at automation.testsuite.LoginTestFactory.closeBrowser(LoginTestFactory.java:46)
at automation.testsuite.LoginTestFactory.closeBrowser(LoginTestFactory.java:46)
at automation.testsuite.LoginTestFactory.closeBrowser(LoginTestFactory.java:46)
at automation.testsuite.LoginTestFactory.closeBrowser(LoginTestFactory.java:46)
at automation.testsuite.LoginTestFactory.closeBrowser(LoginTestFactory.java:46)
at automation.testsuite.LoginTestFactory.closeBrowser(LoginTestFactory.java:46)
at automation.testsuite.LoginTestFactory.closeBrowser(LoginTestFactory.java:46)
at automation.testsuite.LoginTestFactory.closeBrowser(LoginTestFactory.java:46)
at automation.testsuite.LoginTestFactory.closeBrowser(LoginTestFactory.java:46)
at automation.testsuite.LoginTestFactory.closeBrowser(LoginTestFactory.java:46)
at automation.testsuite.LoginTestFactory.closeBrowser(LoginTestFactory.java:46)
at automation.testsuite.LoginTestFactory.closeBrowser(LoginTestFactory.java:46)
at automation.testsuite.LoginTestFactory.closeBrowser(LoginTestFactory.java:46)
at automation.testsuite.LoginTestFactory.closeBrowser(LoginTestFactory.java:46)
at automation.testsuite.LoginTestFactory.closeBrowser(LoginTestFactory.java:46)
at automation.testsuite.LoginTestFactory.closeBrowser(LoginTestFactory.java:46)
at automation.testsuite.LoginTestFactory.closeBrowser(LoginTestFactory.java:46)
at automation.testsuite.LoginTestFactory.closeBrowser(LoginTestFactory.java:46)
at automation.testsuite.LoginTestFactory.closeBrowser(LoginTestFactory.java:46)
at automation.testsuite.LoginTestFactory.closeBrowser(LoginTestFactory.java:46)
at automation.testsuite.LoginTestFactory.closeBrowser(LoginTestFactory.java:46)
at automation.testsuite.LoginTestFactory.closeBrowser(LoginTestFactory.java:46)
at automation.testsuite.LoginTestFactory.closeBrowser(LoginTestFactory.java:46)
at automation.testsuite.LoginTestFactory.closeBrowser(LoginTestFactory.java:46)
at automation.testsuite.LoginTestFactory.closeBrowser(LoginTestFactory.java:46)
at automation.testsuite.LoginTestFactory.closeBrowser(LoginTestFactory.java:46)
at automation.testsuite.LoginTestFactory.closeBrowser(LoginTestFactory.java:46)
at automation.testsuite.LoginTestFactory.closeBrowser(LoginTestFactory.java:46)
at automation.testsuite.LoginTestFactory.closeBrowser(LoginTestFactory.java:46)
at automation.testsuite.LoginTestFactory.closeBrowser(LoginTestFactory.java:46)
at automation.testsuite.LoginTestFactory.closeBrowser(LoginTestFactory.java:46)
at automation.testsuite.LoginTestFactory.closeBrowser(LoginTestFactory.java:46)
at automation.testsuite.LoginTestFactory.closeBrowser(LoginTestFactory.java:46)
at automation.testsuite.LoginTestFactory.closeBrowser(LoginTestFactory.java:46)
at automation.testsuite.LoginTestFactory.closeBrowser(LoginTestFactory.java:46)
at automation.testsuite.LoginTestFactory.closeBrowser(LoginTestFactory.java:46)
at automation.testsuite.LoginTestFactory.closeBrowser(LoginTestFactory.java:46)
at automation.testsuite.LoginTestFactory.closeBrowser(LoginTestFactory.java:46)
at automation.testsuite.LoginTestFactory.closeBrowser(LoginTestFactory.java:46)
at automation.testsuite.LoginTestFactory.closeBrowser(LoginTestFactory.java:46)
at automation.testsuite.LoginTestFactory.closeBrowser(LoginTestFactory.java:46)
at automation.testsuite.LoginTestFactory.closeBrowser(LoginTestFactory.java:46)
at automation.testsuite.LoginTestFactory.closeBrowser(LoginTestFactory.java:46)
at automation.testsuite.LoginTestFactory.closeBrowser(LoginTestFactory.java:46)
at automation.testsuite.LoginTestFactory.closeBrowser(LoginTestFactory.java:46)
at automation.testsuite.LoginTestFactory.closeBrowser(LoginTestFactory.java:46)
at automation.testsuite.LoginTestFactory.closeBrowser(LoginTestFactory.java:46)
at automation.testsuite.LoginTestFactory.closeBrowser(LoginTestFactory.java:46)
at automation.testsuite.LoginTestFactory.closeBrowser(LoginTestFactory.java:46)
at automation.testsuite.LoginTestFactory.closeBrowser(LoginTestFactory.java:46)
at automation.testsuite.LoginTestFactory.closeBrowser(LoginTestFactory.java:46)
at automation.testsuite.LoginTestFactory.closeBrowser(LoginTestFactory.java:46)
at automation.testsuite.LoginTestFactory.closeBrowser(LoginTestFactory.java:46)
at automation.testsuite.LoginTestFactory.closeBrowser(LoginTestFactory.java:46)
at automation.testsuite.LoginTestFactory.closeBrowser(LoginTestFactory.java:46)
at automation.testsuite.LoginTestFactory.closeBrowser(LoginTestFactory.java:46)
at automation.testsuite.LoginTestFactory.closeBrowser(LoginTestFactory.java:46)
at automation.testsuite.LoginTestFactory.closeBrowser(LoginTestFactory.java:46)
at automation.testsuite.LoginTestFactory.closeBrowser(LoginTestFactory.java:46)
at automation.testsuite.LoginTestFactory.closeBrowser(LoginTestFactory.java:46)
at automation.testsuite.LoginTestFactory.closeBrowser(LoginTestFactory.java:46)
at automation.testsuite.LoginTestFactory.closeBrowser(LoginTestFactory.java:46)
at automation.testsuite.LoginTestFactory.closeBrowser(LoginTestFactory.java:46)
at automation.testsuite.LoginTestFactory.closeBrowser(LoginTestFactory.java:46)
at automation.testsuite.LoginTestFactory.closeBrowser(LoginTestFactory.java:46)
at automation.testsuite.LoginTestFactory.closeBrowser(LoginTestFactory.java:46)
at automation.testsuite.LoginTestFactory.closeBrowser(LoginTestFactory.java:46)
at automation.testsuite.LoginTestFactory.closeBrowser(LoginTestFactory.java:46)
at automation.testsuite.LoginTestFactory.closeBrowser(LoginTestFactory.java:46)
at automation.testsuite.LoginTestFactory.closeBrowser(LoginTestFactory.java:46)
at automation.testsuite.LoginTestFactory.closeBrowser(LoginTestFactory.java:46)
at automation.testsuite.LoginTestFactory.closeBrowser(LoginTestFactory.java:46)
at automation.testsuite.LoginTestFactory.closeBrowser(LoginTestFactory.java:46)
at automation.testsuite.LoginTestFactory.closeBrowser(LoginTestFactory.java:46)
at automation.testsuite.LoginTestFactory.closeBrowser(LoginTestFactory.java:46)
at automation.testsuite.LoginTestFactory.closeBrowser(LoginTestFactory.java:46)
at automation.testsuite.LoginTestFactory.closeBrowser(LoginTestFactory.java:46)
at automation.testsuite.LoginTestFactory.closeBrowser(LoginTestFactory.java:46)
at automation.testsuite.LoginTestFactory.closeBrowser(LoginTestFactory.java:46)
at automation.testsuite.LoginTestFactory.closeBrowser(LoginTestFactory.java:46)
at automation.testsuite.LoginTestFactory.closeBrowser(LoginTestFactory.java:46)
at automation.testsuite.LoginTestFactory.closeBrowser(LoginTestFactory.java:46)
at automation.testsuite.LoginTestFactory.closeBrowser(LoginTestFactory.java:46)
at automation.testsuite.LoginTestFactory.closeBrowser(LoginTestFactory.java:46)
at automation.testsuite.LoginTestFactory.closeBrowser(LoginTestFactory.java:46)
at automation.testsuite.LoginTestFactory.closeBrowser(LoginTestFactory.java:46)
at automation.testsuite.LoginTestFactory.closeBrowser(LoginTestFactory.java:46)
at automation.testsuite.LoginTestFactory.closeBrowser(LoginTestFactory.java:46)
at automation.testsuite.LoginTestFactory.closeBrowser(LoginTestFactory.java:46)
at automation.testsuite.LoginTestFactory.closeBrowser(LoginTestFactory.java:46)
at automation.testsuite.LoginTestFactory.closeBrowser(LoginTestFactory.java:46)
at automation.testsuite.LoginTestFactory.closeBrowser(LoginTestFactory.java:46)
at automation.testsuite.LoginTestFactory.closeBrowser(LoginTestFactory.java:46)
at automation.testsuite.LoginTestFactory.closeBrowser(LoginTestFactory.java:46)
at automation.testsuite.LoginTestFactory.closeBrowser(LoginTestFactory.java:46)
at automation.testsuite.LoginTestFactory.closeBrowser(LoginTestFactory.java:46)
at automation.testsuite.LoginTestFactory.closeBrowser(LoginTestFactory.java:46)
at automation.testsuite.LoginTestFactory.closeBrowser(LoginTestFactory.java:46)
at automation.testsuite.LoginTestFactory.closeBrowser(LoginTestFactory.java:46)
at automation.testsuite.LoginTestFactory.closeBrowser(LoginTestFactory.java:46)
at automation.testsuite.LoginTestFactory.closeBrowser(LoginTestFactory.java:46)
at automation.testsuite.LoginTestFactory.closeBrowser(LoginTestFactory.java:46)
at automation.testsuite.LoginTestFactory.closeBrowser(LoginTestFactory.java:46)
at automation.testsuite.LoginTestFactory.closeBrowser(LoginTestFactory.java:46)
at automation.testsuite.LoginTestFactory.closeBrowser(LoginTestFactory.java:46)
at automation.testsuite.LoginTestFactory.closeBrowser(LoginTestFactory.java:46)
at automation.testsuite.LoginTestFactory.closeBrowser(LoginTestFactory.java:46)
at automation.testsuite.LoginTestFactory.closeBrowser(LoginTestFactory.java:46)
at automation.testsuite.LoginTestFactory.closeBrowser(LoginTestFactory.java:46)
at automation.testsuite.LoginTestFactory.closeBrowser(LoginTestFactory.java:46)
at automation.testsuite.LoginTestFactory.closeBrowser(LoginTestFactory.java:46)
at automation.testsuite.LoginTestFactory.closeBrowser(LoginTestFactory.java:46)
at automation.testsuite.LoginTestFactory.closeBrowser(LoginTestFactory.java:46)
at automation.testsuite.LoginTestFactory.closeBrowser(LoginTestFactory.java:46)
at automation.testsuite.LoginTestFactory.closeBrowser(LoginTestFactory.java:46)
at automation.testsuite.LoginTestFactory.closeBrowser(LoginTestFactory.java:46)
at automation.testsuite.LoginTestFactory.closeBrowser(LoginTestFactory.java:46)
at automation.testsuite.LoginTestFactory.closeBrowser(LoginTestFactory.java:46)
at automation.testsuite.LoginTestFactory.closeBrowser(LoginTestFactory.java:46)
at automation.testsuite.LoginTestFactory.closeBrowser(LoginTestFactory.java:46)
at automation.testsuite.LoginTestFactory.closeBrowser(LoginTestFactory.java:46)
at automation.testsuite.LoginTestFactory.closeBrowser(LoginTestFactory.java:46)
at automation.testsuite.LoginTestFactory.closeBrowser(LoginTestFactory.java:46)
at automation.testsuite.LoginTestFactory.closeBrowser(LoginTestFactory.java:46)
at automation.testsuite.LoginTestFactory.closeBrowser(LoginTestFactory.java:46)
at automation.testsuite.LoginTestFactory.closeBrowser(LoginTestFactory.java:46)
at automation.testsuite.LoginTestFactory.closeBrowser(LoginTestFactory.java:46)
at automation.testsuite.LoginTestFactory.closeBrowser(LoginTestFactory.java:46)
at automation.testsuite.LoginTestFactory.closeBrowser(LoginTestFactory.java:46)
at automation.testsuite.LoginTestFactory.closeBrowser(LoginTestFactory.java:46)
at automation.testsuite.LoginTestFactory.closeBrowser(LoginTestFactory.java:46)
at automation.testsuite.LoginTestFactory.closeBrowser(LoginTestFactory.java:46)
at automation.testsuite.LoginTestFactory.closeBrowser(LoginTestFactory.java:46)
at automation.testsuite.LoginTestFactory.closeBrowser(LoginTestFactory.java:46)
at automation.testsuite.LoginTestFactory.closeBrowser(LoginTestFactory.java:46)
at automation.testsuite.LoginTestFactory.closeBrowser(LoginTestFactory.java:46)
at automation.testsuite.LoginTestFactory.closeBrowser(LoginTestFactory.java:46)
at automation.testsuite.LoginTestFactory.closeBrowser(LoginTestFactory.java:46)
at automation.testsuite.LoginTestFactory.closeBrowser(LoginTestFactory.java:46)
at automation.testsuite.LoginTestFactory.closeBrowser(LoginTestFactory.java:46)
at automation.testsuite.LoginTestFactory.closeBrowser(LoginTestFactory.java:46)
at automation.testsuite.LoginTestFactory.closeBrowser(LoginTestFactory.java:46)
at automation.testsuite.LoginTestFactory.closeBrowser(LoginTestFactory.java:46)
at automation.testsuite.LoginTestFactory.closeBrowser(LoginTestFactory.java:46)
at automation.testsuite.LoginTestFactory.closeBrowser(LoginTestFactory.java:46)
at automation.testsuite.LoginTestFactory.closeBrowser(LoginTestFactory.java:46)
at automation.testsuite.LoginTestFactory.closeBrowser(LoginTestFactory.java:46)
at automation.testsuite.LoginTestFactory.closeBrowser(LoginTestFactory.java:46)
at automation.testsuite.LoginTestFactory.closeBrowser(LoginTestFactory.java:46)
at automation.testsuite.LoginTestFactory.closeBrowser(LoginTestFactory.java:46)
at automation.testsuite.LoginTestFactory.closeBrowser(LoginTestFactory.java:46)
at automation.testsuite.LoginTestFactory.closeBrowser(LoginTestFactory.java:46)
at automation.testsuite.LoginTestFactory.closeBrowser(LoginTestFactory.java:46)
at automation.testsuite.LoginTestFactory.closeBrowser(LoginTestFactory.java:46)
at automation.testsuite.LoginTestFactory.closeBrowser(LoginTestFactory.java:46)
at automation.testsuite.LoginTestFactory.closeBrowser(LoginTestFactory.java:46)
at automation.testsuite.LoginTestFactory.closeBrowser(LoginTestFactory.java:46)
at automation.testsuite.LoginTestFactory.closeBrowser(LoginTestFactory.java:46)
at automation.testsuite.LoginTestFactory.closeBrowser(LoginTestFactory.java:46)
at automation.testsuite.LoginTestFactory.closeBrowser(LoginTestFactory.java:46)
at automation.testsuite.LoginTestFactory.closeBrowser(LoginTestFactory.java:46)
at automation.testsuite.LoginTestFactory.closeBrowser(LoginTestFactory.java:46)
at automation.testsuite.LoginTestFactory.closeBrowser(LoginTestFactory.java:46)
at automation.testsuite.LoginTestFactory.closeBrowser(LoginTestFactory.java:46)
at automation.testsuite.LoginTestFactory.closeBrowser(LoginTestFactory.java:46)
at automation.testsuite.LoginTestFactory.closeBrowser(LoginTestFactory.java:46)
at automation.testsuite.LoginTestFactory.closeBrowser(LoginTestFactory.java:46)
at automation.testsuite.LoginTestFactory.closeBrowser(LoginTestFactory.java:46)
at automation.testsuite.LoginTestFactory.closeBrowser(LoginTestFactory.java:46)
at automation.testsuite.LoginTestFactory.closeBrowser(LoginTestFactory.java:46)
at automation.testsuite.LoginTestFactory.closeBrowser(LoginTestFactory.java:46)
at automation.testsuite.LoginTestFactory.closeBrowser(LoginTestFactory.java:46)
at automation.testsuite.LoginTestFactory.closeBrowser(LoginTestFactory.java:46)
at automation.testsuite.LoginTestFactory.closeBrowser(LoginTestFactory.java:46)
at automation.testsuite.LoginTestFactory.closeBrowser(LoginTestFactory.java:46)
at automation.testsuite.LoginTestFactory.closeBrowser(LoginTestFactory.java:46)
at automation.testsuite.LoginTestFactory.closeBrowser(LoginTestFactory.java:46)
at automation.testsuite.LoginTestFactory.closeBrowser(LoginTestFactory.java:46)
at automation.testsuite.LoginTestFactory.closeBrowser(LoginTestFactory.java:46)
at automation.testsuite.LoginTestFactory.closeBrowser(LoginTestFactory.java:46)
at automation.testsuite.LoginTestFactory.closeBrowser(LoginTestFactory.java:46)
at automation.testsuite.LoginTestFactory.closeBrowser(LoginTestFactory.java:46)
at automation.testsuite.LoginTestFactory.closeBrowser(LoginTestFactory.java:46)
at automation.testsuite.LoginTestFactory.closeBrowser(LoginTestFactory.java:46)
at automation.testsuite.LoginTestFactory.closeBrowser(LoginTestFactory.java:46)
at automation.testsuite.LoginTestFactory.closeBrowser(LoginTestFactory.java:46)
at automation.testsuite.LoginTestFactory.closeBrowser(LoginTestFactory.java:46)
at automation.testsuite.LoginTestFactory.closeBrowser(LoginTestFactory.java:46)
at automation.testsuite.LoginTestFactory.closeBrowser(LoginTestFactory.java:46)
at automation.testsuite.LoginTestFactory.closeBrowser(LoginTestFactory.java:46)
at automation.testsuite.LoginTestFactory.closeBrowser(LoginTestFactory.java:46)
at automation.testsuite.LoginTestFactory.closeBrowser(LoginTestFactory.java:46)
at automation.testsuite.LoginTestFactory.closeBrowser(LoginTestFactory.java:46)
at automation.testsuite.LoginTestFactory.closeBrowser(LoginTestFactory.java:46)
at automation.testsuite.LoginTestFactory.closeBrowser(LoginTestFactory.java:46)
at automation.testsuite.LoginTestFactory.closeBrowser(LoginTestFactory.java:46)
at automation.testsuite.LoginTestFactory.closeBrowser(LoginTestFactory.java:46)
at automation.testsuite.LoginTestFactory.closeBrowser(LoginTestFactory.java:46)
at automation.testsuite.LoginTestFactory.closeBrowser(LoginTestFactory.java:46)
at automation.testsuite.LoginTestFactory.closeBrowser(LoginTestFactory.java:46)
at automation.testsuite.LoginTestFactory.closeBrowser(LoginTestFactory.java:46)
at automation.testsuite.LoginTestFactory.closeBrowser(LoginTestFactory.java:46)
at automation.testsuite.LoginTestFactory.closeBrowser(LoginTestFactory.java:46)
at automation.testsuite.LoginTestFactory.closeBrowser(LoginTestFactory.java:46)
at automation.testsuite.LoginTestFactory.closeBrowser(LoginTestFactory.java:46)
at automation.testsuite.LoginTestFactory.closeBrowser(LoginTestFactory.java:46)
at automation.testsuite.LoginTestFactory.closeBrowser(LoginTestFactory.java:46)
at automation.testsuite.LoginTestFactory.closeBrowser(LoginTestFactory.java:46)
at automation.testsuite.LoginTestFactory.closeBrowser(LoginTestFactory.java:46)
at automation.testsuite.LoginTestFactory.closeBrowser(LoginTestFactory.java:46)
at automation.testsuite.LoginTestFactory.closeBrowser(LoginTestFactory.java:46)
at automation.testsuite.LoginTestFactory.closeBrowser(LoginTestFactory.java:46)
at automation.testsuite.LoginTestFactory.closeBrowser(LoginTestFactory.java:46)
at automation.testsuite.LoginTestFactory.closeBrowser(LoginTestFactory.java:46)
at automation.testsuite.LoginTestFactory.closeBrowser(LoginTestFactory.java:46)
at automation.testsuite.LoginTestFactory.closeBrowser(LoginTestFactory.java:46)
at automation.testsuite.LoginTestFactory.closeBrowser(LoginTestFactory.java:46)
at automation.testsuite.LoginTestFactory.closeBrowser(LoginTestFactory.java:46)
at automation.testsuite.LoginTestFactory.closeBrowser(LoginTestFactory.java:46)
at automation.testsuite.LoginTestFactory.closeBrowser(LoginTestFactory.java:46)
at automation.testsuite.LoginTestFactory.closeBrowser(LoginTestFactory.java:46)
at automation.testsuite.LoginTestFactory.closeBrowser(LoginTestFactory.java:46)
at automation.testsuite.LoginTestFactory.closeBrowser(LoginTestFactory.java:46)
at automation.testsuite.LoginTestFactory.closeBrowser(LoginTestFactory.java:46)
at automation.testsuite.LoginTestFactory.closeBrowser(LoginTestFactory.java:46)
at automation.testsuite.LoginTestFactory.closeBrowser(LoginTestFactory.java:46)
at automation.testsuite.LoginTestFactory.closeBrowser(LoginTestFactory.java:46)
at automation.testsuite.LoginTestFactory.closeBrowser(LoginTestFactory.java:46)
at automation.testsuite.LoginTestFactory.closeBrowser(LoginTestFactory.java:46)
at automation.testsuite.LoginTestFactory.closeBrowser(LoginTestFactory.java:46)
at automation.testsuite.LoginTestFactory.closeBrowser(LoginTestFactory.java:46)
at automation.testsuite.LoginTestFactory.closeBrowser(LoginTestFactory.java:46)
at automation.testsuite.LoginTestFactory.closeBrowser(LoginTestFactory.java:46)
at automation.testsuite.LoginTestFactory.closeBrowser(LoginTestFactory.java:46)
at automation.testsuite.LoginTestFactory.closeBrowser(LoginTestFactory.java:46)
at automation.testsuite.LoginTestFactory.closeBrowser(LoginTestFactory.java:46)
at automation.testsuite.LoginTestFactory.closeBrowser(LoginTestFactory.java:46)
at automation.testsuite.LoginTestFactory.closeBrowser(LoginTestFactory.java:46)
at automation.testsuite.LoginTestFactory.closeBrowser(LoginTestFactory.java:46)
at automation.testsuite.LoginTestFactory.closeBrowser(LoginTestFactory.java:46)
at automation.testsuite.LoginTestFactory.closeBrowser(LoginTestFactory.java:46)
at automation.testsuite.LoginTestFactory.closeBrowser(LoginTestFactory.java:46)
at automation.testsuite.LoginTestFactory.closeBrowser(LoginTestFactory.java:46)
at automation.testsuite.LoginTestFactory.closeBrowser(LoginTestFactory.java:46)
at automation.testsuite.LoginTestFactory.closeBrowser(LoginTestFactory.java:46)
at automation.testsuite.LoginTestFactory.closeBrowser(LoginTestFactory.java:46)
at automation.testsuite.LoginTestFactory.closeBrowser(LoginTestFactory.java:46)
at automation.testsuite.LoginTestFactory.closeBrowser(LoginTestFactory.java:46)
at automation.testsuite.LoginTestFactory.closeBrowser(LoginTestFactory.java:46)
at automation.testsuite.LoginTestFactory.closeBrowser(LoginTestFactory.java:46)
at automation.testsuite.LoginTestFactory.closeBrowser(LoginTestFactory.java:46)
at automation.testsuite.LoginTestFactory.closeBrowser(LoginTestFactory.java:46)
at automation.testsuite.LoginTestFactory.closeBrowser(LoginTestFactory.java:46)
at automation.testsuite.LoginTestFactory.closeBrowser(LoginTestFactory.java:46)
at automation.testsuite.LoginTestFactory.closeBrowser(LoginTestFactory.java:46)
at automation.testsuite.LoginTestFactory.closeBrowser(LoginTestFactory.java:46)
at automation.testsuite.LoginTestFactory.closeBrowser(LoginTestFactory.java:46)
at automation.testsuite.LoginTestFactory.closeBrowser(LoginTestFactory.java:46)
at automation.testsuite.LoginTestFactory.closeBrowser(LoginTestFactory.java:46)
at automation.testsuite.LoginTestFactory.closeBrowser(LoginTestFactory.java:46)
at automation.testsuite.LoginTestFactory.closeBrowser(LoginTestFactory.java:46)
at automation.testsuite.LoginTestFactory.closeBrowser(LoginTestFactory.java:46)
at automation.testsuite.LoginTestFactory.closeBrowser(LoginTestFactory.java:46)
at automation.testsuite.LoginTestFactory.closeBrowser(LoginTestFactory.java:46)
at automation.testsuite.LoginTestFactory.closeBrowser(LoginTestFactory.java:46)
at automation.testsuite.LoginTestFactory.closeBrowser(LoginTestFactory.java:46)
at automation.testsuite.LoginTestFactory.closeBrowser(LoginTestFactory.java:46)
at automation.testsuite.LoginTestFactory.closeBrowser(LoginTestFactory.java:46)
at automation.testsuite.LoginTestFactory.closeBrowser(LoginTestFactory.java:46)
at automation.testsuite.LoginTestFactory.closeBrowser(LoginTestFactory.java:46)
at automation.testsuite.LoginTestFactory.closeBrowser(LoginTestFactory.java:46)
at automation.testsuite.LoginTestFactory.closeBrowser(LoginTestFactory.java:46)
at automation.testsuite.LoginTestFactory.closeBrowser(LoginTestFactory.java:46)
at automation.testsuite.LoginTestFactory.closeBrowser(LoginTestFactory.java:46)
at automation.testsuite.LoginTestFactory.closeBrowser(LoginTestFactory.java:46)
at automation.testsuite.LoginTestFactory.closeBrowser(LoginTestFactory.java:46)
at automation.testsuite.LoginTestFactory.closeBrowser(LoginTestFactory.java:46)
at automation.testsuite.LoginTestFactory.closeBrowser(LoginTestFactory.java:46)
at automation.testsuite.LoginTestFactory.closeBrowser(LoginTestFactory.java:46)
at automation.testsuite.LoginTestFactory.closeBrowser(LoginTestFactory.java:46)
at automation.testsuite.LoginTestFactory.closeBrowser(LoginTestFactory.java:46)
at automation.testsuite.LoginTestFactory.closeBrowser(LoginTestFactory.java:46)
at automation.testsuite.LoginTestFactory.closeBrowser(LoginTestFactory.java:46)
at automation.testsuite.LoginTestFactory.closeBrowser(LoginTestFactory.java:46)
at automation.testsuite.LoginTestFactory.closeBrowser(LoginTestFactory.java:46)
at automation.testsuite.LoginTestFactory.closeBrowser(LoginTestFactory.java:46)
at automation.testsuite.LoginTestFactory.closeBrowser(LoginTestFactory.java:46)
at automation.testsuite.LoginTestFactory.closeBrowser(LoginTestFactory.java:46)
at automation.testsuite.LoginTestFactory.closeBrowser(LoginTestFactory.java:46)
at automation.testsuite.LoginTestFactory.closeBrowser(LoginTestFactory.java:46)
at automation.testsuite.LoginTestFactory.closeBrowser(LoginTestFactory.java:46)
at automation.testsuite.LoginTestFactory.closeBrowser(LoginTestFactory.java:46)
at automation.testsuite.LoginTestFactory.closeBrowser(LoginTestFactory.java:46)
at automation.testsuite.LoginTestFactory.closeBrowser(LoginTestFactory.java:46)
at automation.testsuite.LoginTestFactory.closeBrowser(LoginTestFactory.java:46)
at automation.testsuite.LoginTestFactory.closeBrowser(LoginTestFactory.java:46)
at automation.testsuite.LoginTestFactory.closeBrowser(LoginTestFactory.java:46)
at automation.testsuite.LoginTestFactory.closeBrowser(LoginTestFactory.java:46)
at automation.testsuite.LoginTestFactory.closeBrowser(LoginTestFactory.java:46)
at automation.testsuite.LoginTestFactory.closeBrowser(LoginTestFactory.java:46)
at automation.testsuite.LoginTestFactory.closeBrowser(LoginTestFactory.java:46)
at automation.testsuite.LoginTestFactory.closeBrowser(LoginTestFactory.java:46)
at automation.testsuite.LoginTestFactory.closeBrowser(LoginTestFactory.java:46)
at automation.testsuite.LoginTestFactory.closeBrowser(LoginTestFactory.java:46)
at automation.testsuite.LoginTestFactory.closeBrowser(LoginTestFactory.java:46)
at automation.testsuite.LoginTestFactory.closeBrowser(LoginTestFactory.java:46)
at automation.testsuite.LoginTestFactory.closeBrowser(LoginTestFactory.java:46)
at automation.testsuite.LoginTestFactory.closeBrowser(LoginTestFactory.java:46)
at automation.testsuite.LoginTestFactory.closeBrowser(LoginTestFactory.java:46)
at automation.testsuite.LoginTestFactory.closeBrowser(LoginTestFactory.java:46)
at automation.testsuite.LoginTestFactory.closeBrowser(LoginTestFactory.java:46)
at automation.testsuite.LoginTestFactory.closeBrowser(LoginTestFactory.java:46)
at automation.testsuite.LoginTestFactory.closeBrowser(LoginTestFactory.java:46)
at automation.testsuite.LoginTestFactory.closeBrowser(LoginTestFactory.java:46)
at automation.testsuite.LoginTestFactory.closeBrowser(LoginTestFactory.java:46)
at automation.testsuite.LoginTestFactory.closeBrowser(LoginTestFactory.java:46)
at automation.testsuite.LoginTestFactory.closeBrowser(LoginTestFactory.java:46)
at automation.testsuite.LoginTestFactory.closeBrowser(LoginTestFactory.java:46)
at automation.testsuite.LoginTestFactory.closeBrowser(LoginTestFactory.java:46)
at automation.testsuite.LoginTestFactory.closeBrowser(LoginTestFactory.java:46)
at automation.testsuite.LoginTestFactory.closeBrowser(LoginTestFactory.java:46)
at automation.testsuite.LoginTestFactory.closeBrowser(LoginTestFactory.java:46)
at automation.testsuite.LoginTestFactory.closeBrowser(LoginTestFactory.java:46)
at automation.testsuite.LoginTestFactory.closeBrowser(LoginTestFactory.java:46)
at automation.testsuite.LoginTestFactory.closeBrowser(LoginTestFactory.java:46)
at automation.testsuite.LoginTestFactory.closeBrowser(LoginTestFactory.java:46)
at automation.testsuite.LoginTestFactory.closeBrowser(LoginTestFactory.java:46)
at automation.testsuite.LoginTestFactory.closeBrowser(LoginTestFactory.java:46)
at automation.testsuite.LoginTestFactory.closeBrowser(LoginTestFactory.java:46)
at automation.testsuite.LoginTestFactory.closeBrowser(LoginTestFactory.java:46)
at automation.testsuite.LoginTestFactory.closeBrowser(LoginTestFactory.java:46)
at automation.testsuite.LoginTestFactory.closeBrowser(LoginTestFactory.java:46)
at automation.testsuite.LoginTestFactory.closeBrowser(LoginTestFactory.java:46)
at automation.testsuite.LoginTestFactory.closeBrowser(LoginTestFactory.java:46)
at automation.testsuite.LoginTestFactory.closeBrowser(LoginTestFactory.java:46)
at automation.testsuite.LoginTestFactory.closeBrowser(LoginTestFactory.java:46)
at automation.testsuite.LoginTestFactory.closeBrowser(LoginTestFactory.java:46)
at automation.testsuite.LoginTestFactory.closeBrowser(LoginTestFactory.java:46)
at automation.testsuite.LoginTestFactory.closeBrowser(LoginTestFactory.java:46)
at automation.testsuite.LoginTestFactory.closeBrowser(LoginTestFactory.java:46)
at automation.testsuite.LoginTestFactory.closeBrowser(LoginTestFactory.java:46)
at automation.testsuite.LoginTestFactory.closeBrowser(LoginTestFactory.java:46)
at automation.testsuite.LoginTestFactory.closeBrowser(LoginTestFactory.java:46)
at automation.testsuite.LoginTestFactory.closeBrowser(LoginTestFactory.java:46)
at automation.testsuite.LoginTestFactory.closeBrowser(LoginTestFactory.java:46)
at automation.testsuite.LoginTestFactory.closeBrowser(LoginTestFactory.java:46)
at automation.testsuite.LoginTestFactory.closeBrowser(LoginTestFactory.java:46)
at automation.testsuite.LoginTestFactory.closeBrowser(LoginTestFactory.java:46)
at automation.testsuite.LoginTestFactory.closeBrowser(LoginTestFactory.java:46)
at automation.testsuite.LoginTestFactory.closeBrowser(LoginTestFactory.java:46)
at automation.testsuite.LoginTestFactory.closeBrowser(LoginTestFactory.java:46)
at automation.testsuite.LoginTestFactory.closeBrowser(LoginTestFactory.java:46)
at automation.testsuite.LoginTestFactory.closeBrowser(LoginTestFactory.java:46)
at automation.testsuite.LoginTestFactory.closeBrowser(LoginTestFactory.java:46)
at automation.testsuite.LoginTestFactory.closeBrowser(LoginTestFactory.java:46)
at automation.testsuite.LoginTestFactory.closeBrowser(LoginTestFactory.java:46)
at automation.testsuite.LoginTestFactory.closeBrowser(LoginTestFactory.java:46)
at automation.testsuite.LoginTestFactory.closeBrowser(LoginTestFactory.java:46)
at automation.testsuite.LoginTestFactory.closeBrowser(LoginTestFactory.java:46)
at automation.testsuite.LoginTestFactory.closeBrowser(LoginTestFactory.java:46)
at automation.testsuite.LoginTestFactory.closeBrowser(LoginTestFactory.java:46)
at automation.testsuite.LoginTestFactory.closeBrowser(LoginTestFactory.java:46)
at automation.testsuite.LoginTestFactory.closeBrowser(LoginTestFactory.java:46)
at automation.testsuite.LoginTestFactory.closeBrowser(LoginTestFactory.java:46)
at automation.testsuite.LoginTestFactory.closeBrowser(LoginTestFactory.java:46)
at automation.testsuite.LoginTestFactory.closeBrowser(LoginTestFactory.java:46)
at automation.testsuite.LoginTestFactory.closeBrowser(LoginTestFactory.java:46)
at automation.testsuite.LoginTestFactory.closeBrowser(LoginTestFactory.java:46)
at automation.testsuite.LoginTestFactory.closeBrowser(LoginTestFactory.java:46)
at automation.testsuite.LoginTestFactory.closeBrowser(LoginTestFactory.java:46)
at automation.testsuite.LoginTestFactory.closeBrowser(LoginTestFactory.java:46)
at automation.testsuite.LoginTestFactory.closeBrowser(LoginTestFactory.java:46)
at automation.testsuite.LoginTestFactory.closeBrowser(LoginTestFactory.java:46)
at automation.testsuite.LoginTestFactory.closeBrowser(LoginTestFactory.java:46)
at automation.testsuite.LoginTestFactory.closeBrowser(LoginTestFactory.java:46)
at automation.testsuite.LoginTestFactory.closeBrowser(LoginTestFactory.java:46)
at automation.testsuite.LoginTestFactory.closeBrowser(LoginTestFactory.java:46)
at automation.testsuite.LoginTestFactory.closeBrowser(LoginTestFactory.java:46)
at automation.testsuite.LoginTestFactory.closeBrowser(LoginTestFactory.java:46)
at automation.testsuite.LoginTestFactory.closeBrowser(LoginTestFactory.java:46)
at automation.testsuite.LoginTestFactory.closeBrowser(LoginTestFactory.java:46)
at automation.testsuite.LoginTestFactory.closeBrowser(LoginTestFactory.java:46)
at automation.testsuite.LoginTestFactory.closeBrowser(LoginTestFactory.java:46)
at automation.testsuite.LoginTestFactory.closeBrowser(LoginTestFactory.java:46)
at automation.testsuite.LoginTestFactory.closeBrowser(LoginTestFactory.java:46)
at automation.testsuite.LoginTestFactory.closeBrowser(LoginTestFactory.java:46)
at automation.testsuite.LoginTestFactory.closeBrowser(LoginTestFactory.java:46)
at automation.testsuite.LoginTestFactory.closeBrowser(LoginTestFactory.java:46)
at automation.testsuite.LoginTestFactory.closeBrowser(LoginTestFactory.java:46)
at automation.testsuite.LoginTestFactory.closeBrowser(LoginTestFactory.java:46)
at automation.testsuite.LoginTestFactory.closeBrowser(LoginTestFactory.java:46)
at automation.testsuite.LoginTestFactory.closeBrowser(LoginTestFactory.java:46)
at automation.testsuite.LoginTestFactory.closeBrowser(LoginTestFactory.java:46)
at automation.testsuite.LoginTestFactory.closeBrowser(LoginTestFactory.java:46)
at automation.testsuite.LoginTestFactory.closeBrowser(LoginTestFactory.java:46)
at automation.testsuite.LoginTestFactory.closeBrowser(LoginTestFactory.java:46)
at automation.testsuite.LoginTestFactory.closeBrowser(LoginTestFactory.java:46)
at automation.testsuite.LoginTestFactory.closeBrowser(LoginTestFactory.java:46)
at automation.testsuite.LoginTestFactory.closeBrowser(LoginTestFactory.java:46)
at automation.testsuite.LoginTestFactory.closeBrowser(LoginTestFactory.java:46)
at automation.testsuite.LoginTestFactory.closeBrowser(LoginTestFactory.java:46)
at automation.testsuite.LoginTestFactory.closeBrowser(LoginTestFactory.java:46)
at automation.testsuite.LoginTestFactory.closeBrowser(LoginTestFactory.java:46)
at automation.testsuite.LoginTestFactory.closeBrowser(LoginTestFactory.java:46)
at automation.testsuite.LoginTestFactory.closeBrowser(LoginTestFactory.java:46)
at automation.testsuite.LoginTestFactory.closeBrowser(LoginTestFactory.java:46)
at automation.testsuite.LoginTestFactory.closeBrowser(LoginTestFactory.java:46)
at automation.testsuite.LoginTestFactory.closeBrowser(LoginTestFactory.java:46)
at automation.testsuite.LoginTestFactory.closeBrowser(LoginTestFactory.java:46)
at automation.testsuite.LoginTestFactory.closeBrowser(LoginTestFactory.java:46)
at automation.testsuite.LoginTestFactory.closeBrowser(LoginTestFactory.java:46)
at automation.testsuite.LoginTestFactory.closeBrowser(LoginTestFactory.java:46)
at automation.testsuite.LoginTestFactory.closeBrowser(LoginTestFactory.java:46)
at automation.testsuite.LoginTestFactory.closeBrowser(LoginTestFactory.java:46)
at automation.testsuite.LoginTestFactory.closeBrowser(LoginTestFactory.java:46)
at automation.testsuite.LoginTestFactory.closeBrowser(LoginTestFactory.java:46)
at automation.testsuite.LoginTestFactory.closeBrowser(LoginTestFactory.java:46)
at automation.testsuite.LoginTestFactory.closeBrowser(LoginTestFactory.java:46)
at automation.testsuite.LoginTestFactory.closeBrowser(LoginTestFactory.java:46)
at automation.testsuite.LoginTestFactory.closeBrowser(LoginTestFactory.java:46)
at automation.testsuite.LoginTestFactory.closeBrowser(LoginTestFactory.java:46)
at automation.testsuite.LoginTestFactory.closeBrowser(LoginTestFactory.java:46)
at automation.testsuite.LoginTestFactory.closeBrowser(LoginTestFactory.java:46)
at automation.testsuite.LoginTestFactory.closeBrowser(LoginTestFactory.java:46)
at automation.testsuite.LoginTestFactory.closeBrowser(LoginTestFactory.java:46)
at automation.testsuite.LoginTestFactory.closeBrowser(LoginTestFactory.java:46)
at automation.testsuite.LoginTestFactory.closeBrowser(LoginTestFactory.java:46)
at automation.testsuite.LoginTestFactory.closeBrowser(LoginTestFactory.java:46)
at automation.testsuite.LoginTestFactory.closeBrowser(LoginTestFactory.java:46)
at automation.testsuite.LoginTestFactory.closeBrowser(LoginTestFactory.java:46)
at automation.testsuite.LoginTestFactory.closeBrowser(LoginTestFactory.java:46)
at automation.testsuite.LoginTestFactory.closeBrowser(LoginTestFactory.java:46)
at automation.testsuite.LoginTestFactory.closeBrowser(LoginTestFactory.java:46)
at automation.testsuite.LoginTestFactory.closeBrowser(LoginTestFactory.java:46)
at automation.testsuite.LoginTestFactory.closeBrowser(LoginTestFactory.java:46)
at automation.testsuite.LoginTestFactory.closeBrowser(LoginTestFactory.java:46)
at automation.testsuite.LoginTestFactory.closeBrowser(LoginTestFactory.java:46)
at automation.testsuite.LoginTestFactory.closeBrowser(LoginTestFactory.java:46)
at automation.testsuite.LoginTestFactory.closeBrowser(LoginTestFactory.java:46)
at automation.testsuite.LoginTestFactory.closeBrowser(LoginTestFactory.java:46)
at automation.testsuite.LoginTestFactory.closeBrowser(LoginTestFactory.java:46)
[...]
at automation.testsuite.LoginTestFactory.closeBrowser(LoginTestFactory.java:46)
at automation.testsuite.LoginTestFactory.closeBrowser(LoginTestFactory.java:46)
at automation.testsuite.LoginTestFactory.closeBrowser(LoginTestFactory.java:46)
at automation.testsuite.LoginTestFactory.closeBrowser(LoginTestFactory.java:46)
at automation.testsuite.LoginTestFactory.closeBrowser(LoginTestFactory.java:46)
at automation.testsuite.LoginTestFactory.closeBrowser(LoginTestFactory.java:46)
at automation.testsuite.LoginTestFactory.closeBrowser(LoginTestFactory.java:46)
at automation.testsuite.LoginTestFactory.closeBrowser(LoginTestFactory.java:46)
at automation.testsuite.LoginTestFactory.closeBrowser(LoginTestFactory.java:46)
at automation.testsuite.LoginTestFactory.closeBrowser(LoginTestFactory.java:46)
at automation.testsuite.LoginTestFactory.closeBrowser(LoginTestFactory.java:46)
at automation.testsuite.LoginTestFactory.closeBrowser(LoginTestFactory.java:46)
at automation.testsuite.LoginTestFactory.closeBrowser(LoginTestFactory.java:46)
at automation.testsuite.LoginTestFactory.closeBrowser(LoginTestFactory.java:46)
at automation.testsuite.LoginTestFactory.closeBrowser(LoginTestFactory.java:46)
at automation.testsuite.LoginTestFactory.closeBrowser(LoginTestFactory.java:46)
at automation.testsuite.LoginTestFactory.closeBrowser(LoginTestFactory.java:46)
at automation.testsuite.LoginTestFactory.closeBrowser(LoginTestFactory.java:46)
at automation.testsuite.LoginTestFactory.closeBrowser(LoginTestFactory.java:46)
at automation.testsuite.LoginTestFactory.closeBrowser(LoginTestFactory.java:46)
at automation.testsuite.LoginTestFactory.closeBrowser(LoginTestFactory.java:46)
at automation.testsuite.LoginTestFactory.closeBrowser(LoginTestFactory.java:46)
at automation.testsuite.LoginTestFactory.closeBrowser(LoginTestFactory.java:46)
at automation.testsuite.LoginTestFactory.closeBrowser(LoginTestFactory.java:46)
at automation.testsuite.LoginTestFactory.closeBrowser(LoginTestFactory.java:46)
at automation.testsuite.LoginTestFactory.closeBrowser(LoginTestFactory.java:46)
at automation.testsuite.LoginTestFactory.closeBrowser(LoginTestFactory.java:46)
at automation.testsuite.LoginTestFactory.closeBrowser(LoginTestFactory.java:46)
at automation.testsuite.LoginTestFactory.closeBrowser(LoginTestFactory.java:46)
at automation.testsuite.LoginTestFactory.closeBrowser(LoginTestFactory.java:46)
at automation.testsuite.LoginTestFactory.closeBrowser(LoginTestFactory.java:46)
at automation.testsuite.LoginTestFactory.closeBrowser(LoginTestFactory.java:46)
at automation.testsuite.LoginTestFactory.closeBrowser(LoginTestFactory.java:46)
at automation.testsuite.LoginTestFactory.closeBrowser(LoginTestFactory.java:46)
at automation.testsuite.LoginTestFactory.closeBrowser(LoginTestFactory.java:46)
at automation.testsuite.LoginTestFactory.closeBrowser(LoginTestFactory.java:46)
at automation.testsuite.LoginTestFactory.closeBrowser(LoginTestFactory.java:46)
at automation.testsuite.LoginTestFactory.closeBrowser(LoginTestFactory.java:46)
at automation.testsuite.LoginTestFactory.closeBrowser(LoginTestFactory.java:46)
at automation.testsuite.LoginTestFactory.closeBrowser(LoginTestFactory.java:46)
at automation.testsuite.LoginTestFactory.closeBrowser(LoginTestFactory.java:46)
at automation.testsuite.LoginTestFactory.closeBrowser(LoginTestFactory.java:46)
at automation.testsuite.LoginTestFactory.closeBrowser(LoginTestFactory.java:46)
at automation.testsuite.LoginTestFactory.closeBrowser(LoginTestFactory.java:46)
at automation.testsuite.LoginTestFactory.closeBrowser(LoginTestFactory.java:46)
at automation.testsuite.LoginTestFactory.closeBrowser(LoginTestFactory.java:46)
at automation.testsuite.LoginTestFactory.closeBrowser(LoginTestFactory.java:46)
at automation.testsuite.LoginTestFactory.closeBrowser(LoginTestFactory.java:46)
at automation.testsuite.LoginTestFactory.closeBrowser(LoginTestFactory.java:46)
at automation.testsuite.LoginTestFactory.closeBrowser(LoginTestFactory.java:46)
at automation.testsuite.LoginTestFactory.closeBrowser(LoginTestFactory.java:46)
at automation.testsuite.LoginTestFactory.closeBrowser(LoginTestFactory.java:46)
at automation.testsuite.LoginTestFactory.closeBrowser(LoginTestFactory.java:46)
at automation.testsuite.LoginTestFactory.closeBrowser(LoginTestFactory.java:46)
at automation.testsuite.LoginTestFactory.closeBrowser(LoginTestFactory.java:46)
at automation.testsuite.LoginTestFactory.closeBrowser(LoginTestFactory.java:46)
at automation.testsuite.LoginTestFactory.closeBrowser(LoginTestFactory.java:46)
at automation.testsuite.LoginTestFactory.closeBrowser(LoginTestFactory.java:46)
at automation.testsuite.LoginTestFactory.closeBrowser(LoginTestFactory.java:46)
at automation.testsuite.LoginTestFactory.closeBrowser(LoginTestFactory.java:46)
at automation.testsuite.LoginTestFactory.closeBrowser(LoginTestFactory.java:46)
at automation.testsuite.LoginTestFactory.closeBrowser(LoginTestFactory.java:46)
at automation.testsuite.LoginTestFactory.closeBrowser(LoginTestFactory.java:46)
at automation.testsuite.LoginTestFactory.closeBrowser(LoginTestFactory.java:46)
at automation.testsuite.LoginTestFactory.closeBrowser(LoginTestFactory.java:46)
at automation.testsuite.LoginTestFactory.closeBrowser(LoginTestFactory.java:46)
at automation.testsuite.LoginTestFactory.closeBrowser(LoginTestFactory.java:46)
at automation.testsuite.LoginTestFactory.closeBrowser(LoginTestFactory.java:46)
at automation.testsuite.LoginTestFactory.closeBrowser(LoginTestFactory.java:46)
at automation.testsuite.LoginTestFactory.closeBrowser(LoginTestFactory.java:46)
at automation.testsuite.LoginTestFactory.closeBrowser(LoginTestFactory.java:46)
at automation.testsuite.LoginTestFactory.closeBrowser(LoginTestFactory.java:46)
at automation.testsuite.LoginTestFactory.closeBrowser(LoginTestFactory.java:46)
at automation.testsuite.LoginTestFactory.closeBrowser(LoginTestFactory.java:46)
at automation.testsuite.LoginTestFactory.closeBrowser(LoginTestFactory.java:46)
at automation.testsuite.LoginTestFactory.closeBrowser(LoginTestFactory.java:46)
at automation.testsuite.LoginTestFactory.closeBrowser(LoginTestFactory.java:46)
at automation.testsuite.LoginTestFactory.closeBrowser(LoginTestFactory.java:46)
at automation.testsuite.LoginTestFactory.closeBrowser(LoginTestFactory.java:46)
at automation.testsuite.LoginTestFactory.closeBrowser(LoginTestFactory.java:46)
at automation.testsuite.LoginTestFactory.closeBrowser(LoginTestFactory.java:46)
at automation.testsuite.LoginTestFactory.closeBrowser(LoginTestFactory.java:46)
at automation.testsuite.LoginTestFactory.closeBrowser(LoginTestFactory.java:46)
at automation.testsuite.LoginTestFactory.closeBrowser(LoginTestFactory.java:46)
at automation.testsuite.LoginTestFactory.closeBrowser(LoginTestFactory.java:46)
at automation.testsuite.LoginTestFactory.closeBrowser(LoginTestFactory.java:46)
at automation.testsuite.LoginTestFactory.closeBrowser(LoginTestFactory.java:46)
at automation.testsuite.LoginTestFactory.closeBrowser(LoginTestFactory.java:46)
at automation.testsuite.LoginTestFactory.closeBrowser(LoginTestFactory.java:46)
at automation.testsuite.LoginTestFactory.closeBrowser(LoginTestFactory.java:46)
at automation.testsuite.LoginTestFactory.closeBrowser(LoginTestFactory.java:46)
at automation.testsuite.LoginTestFactory.closeBrowser(LoginTestFactory.java:46)
at automation.testsuite.LoginTestFactory.closeBrowser(LoginTestFactory.java:46)
at automation.testsuite.LoginTestFactory.closeBrowser(LoginTestFactory.java:46)
at automation.testsuite.LoginTestFactory.closeBrowser(LoginTestFactory.java:46)
at automation.testsuite.LoginTestFactory.closeBrowser(LoginTestFactory.java:46)
at automation.testsuite.LoginTestFactory.closeBrowser(LoginTestFactory.java:46)
at automation.testsuite.LoginTestFactory.closeBrowser(LoginTestFactory.java:46)
at automation.testsuite.LoginTestFactory.closeBrowser(LoginTestFactory.java:46)
at automation.testsuite.LoginTestFactory.closeBrowser(LoginTestFactory.java:46)
at automation.testsuite.LoginTestFactory.closeBrowser(LoginTestFactory.java:46)
at automation.testsuite.LoginTestFactory.closeBrowser(LoginTestFactory.java:46)
at automation.testsuite.LoginTestFactory.closeBrowser(LoginTestFactory.java:46)
at automation.testsuite.LoginTestFactory.closeBrowser(LoginTestFactory.java:46)
at automation.testsuite.LoginTestFactory.closeBrowser(LoginTestFactory.java:46)
at automation.testsuite.LoginTestFactory.closeBrowser(LoginTestFactory.java:46)
at automation.testsuite.LoginTestFactory.closeBrowser(LoginTestFactory.java:46)
at automation.testsuite.LoginTestFactory.closeBrowser(LoginTestFactory.java:46)
at automation.testsuite.LoginTestFactory.closeBrowser(LoginTestFactory.java:46)
at automation.testsuite.LoginTestFactory.closeBrowser(LoginTestFactory.java:46)
at automation.testsuite.LoginTestFactory.closeBrowser(LoginTestFactory.java:46)
at automation.testsuite.LoginTestFactory.closeBrowser(LoginTestFactory.java:46)
at automation.testsuite.LoginTestFactory.closeBrowser(LoginTestFactory.java:46)
at automation.testsuite.LoginTestFactory.closeBrowser(LoginTestFactory.java:46)
at automation.testsuite.LoginTestFactory.closeBrowser(LoginTestFactory.java:46)
at automation.testsuite.LoginTestFactory.closeBrowser(LoginTestFactory.java:46)
at automation.testsuite.LoginTestFactory.closeBrowser(LoginTestFactory.java:46)
at automation.testsuite.LoginTestFactory.closeBrowser(LoginTestFactory.java:46)
at automation.testsuite.LoginTestFactory.closeBrowser(LoginTestFactory.java:46)
at automation.testsuite.LoginTestFactory.closeBrowser(LoginTestFactory.java:46)
at automation.testsuite.LoginTestFactory.closeBrowser(LoginTestFactory.java:46)
at automation.testsuite.LoginTestFactory.closeBrowser(LoginTestFactory.java:46)
at automation.testsuite.LoginTestFactory.closeBrowser(LoginTestFactory.java:46)
at automation.testsuite.LoginTestFactory.closeBrowser(LoginTestFactory.java:46)
at automation.testsuite.LoginTestFactory.closeBrowser(LoginTestFactory.java:46)
at automation.testsuite.LoginTestFactory.closeBrowser(LoginTestFactory.java:46)
at automation.testsuite.LoginTestFactory.closeBrowser(LoginTestFactory.java:46)
at automation.testsuite.LoginTestFactory.closeBrowser(LoginTestFactory.java:46)
at automation.testsuite.LoginTestFactory.closeBrowser(LoginTestFactory.java:46)
at automation.testsuite.LoginTestFactory.closeBrowser(LoginTestFactory.java:46)
at automation.testsuite.LoginTestFactory.closeBrowser(LoginTestFactory.java:46)
at automation.testsuite.LoginTestFactory.closeBrowser(LoginTestFactory.java:46)
at automation.testsuite.LoginTestFactory.closeBrowser(LoginTestFactory.java:46)
at automation.testsuite.LoginTestFactory.closeBrowser(LoginTestFactory.java:46)
at automation.testsuite.LoginTestFactory.closeBrowser(LoginTestFactory.java:46)
at automation.testsuite.LoginTestFactory.closeBrowser(LoginTestFactory.java:46)
at automation.testsuite.LoginTestFactory.closeBrowser(LoginTestFactory.java:46)
at automation.testsuite.LoginTestFactory.closeBrowser(LoginTestFactory.java:46)
at automation.testsuite.LoginTestFactory.closeBrowser(LoginTestFactory.java:46)
at automation.testsuite.LoginTestFactory.closeBrowser(LoginTestFactory.java:46)
at automation.testsuite.LoginTestFactory.closeBrowser(LoginTestFactory.java:46)
at automation.testsuite.LoginTestFactory.closeBrowser(LoginTestFactory.java:46)
at automation.testsuite.LoginTestFactory.closeBrowser(LoginTestFactory.java:46)
at automation.testsuite.LoginTestFactory.closeBrowser(LoginTestFactory.java:46)
at automation.testsuite.LoginTestFactory.closeBrowser(LoginTestFactory.java:46)
at automation.testsuite.LoginTestFactory.closeBrowser(LoginTestFactory.java:46)
at automation.testsuite.LoginTestFactory.closeBrowser(LoginTestFactory.java:46)
at automation.testsuite.LoginTestFactory.closeBrowser(LoginTestFactory.java:46)
at automation.testsuite.LoginTestFactory.closeBrowser(LoginTestFactory.java:46)
at automation.testsuite.LoginTestFactory.closeBrowser(LoginTestFactory.java:46)
at automation.testsuite.LoginTestFactory.closeBrowser(LoginTestFactory.java:46)
at automation.testsuite.LoginTestFactory.closeBrowser(LoginTestFactory.java:46)
at automation.testsuite.LoginTestFactory.closeBrowser(LoginTestFactory.java:46)
at automation.testsuite.LoginTestFactory.closeBrowser(LoginTestFactory.java:46)
at automation.testsuite.LoginTestFactory.closeBrowser(LoginTestFactory.java:46)
at automation.testsuite.LoginTestFactory.closeBrowser(LoginTestFactory.java:46)
at automation.testsuite.LoginTestFactory.closeBrowser(LoginTestFactory.java:46)
at automation.testsuite.LoginTestFactory.closeBrowser(LoginTestFactory.java:46)
at automation.testsuite.LoginTestFactory.closeBrowser(LoginTestFactory.java:46)
at automation.testsuite.LoginTestFactory.closeBrowser(LoginTestFactory.java:46)
]]>
    </error>
  </testcase> <!-- closeBrowser -->
  <system-out/>
  <testcase classname="automation.testsuite.LoginTestFactory" name="loginSuccessfully" time="0.000">
    <skipped/>
  </testcase> <!-- loginSuccessfully -->
  <system-out/>
  <testcase classname="automation.testsuite.LoginTestFactory" name="loginFail_IncorrectPassword" time="0.405">
    <error message="no such element: Unable to locate element: {&quot;method&quot;:&quot;xpath&quot;,&quot;selector&quot;:&quot;//h4[text()=&#039;Đăng nhập&#039;]&quot;}
  (Session info: chrome=128.0.6613.138)
For documentation on this error, please visit: https://www.selenium.dev/documentation/webdriver/troubleshooting/errors#no-such-element-exception
Build info: version: &#039;4.11.0&#039;, revision: &#039;040bc5406b&#039;
System info: os.name: &#039;Windows 11&#039;, os.arch: &#039;amd64&#039;, os.version: &#039;10.0&#039;, java.version: &#039;21.0.2&#039;
Driver info: org.openqa.selenium.chrome.ChromeDriver
Command: [275309738320e24150586b9e218a50e4, findElement {using=xpath, value=//h4[text()=&#039;Đăng nhập&#039;]}]
Capabilities {acceptInsecureCerts: false, browserName: chrome, browserVersion: 128.0.6613.138, chrome: {chromedriverVersion: 127.0.6533.72 (9755e24ca85a..., userDataDir: C:\Users\ADMIN\AppData\Loca...}, fedcm:accounts: true, goog:chromeOptions: {debuggerAddress: localhost:64486}, networkConnectionEnabled: false, pageLoadStrategy: normal, platformName: windows, proxy: Proxy(), se:cdp: ws://localhost:64486/devtoo..., se:cdpVersion: 128.0.6613.138, setWindowRect: true, strictFileInteractability: false, timeouts: {implicit: 0, pageLoad: 300000, script: 30000}, unhandledPromptBehavior: dismiss and notify, webauthn:extension:credBlob: true, webauthn:extension:largeBlob: true, webauthn:extension:minPinLength: true, webauthn:extension:prf: true, webauthn:virtualAuthenticators: true}
Session ID: 275309738320e24150586b9e218a50e4" type="org.openqa.selenium.NoSuchElementException">
      <![CDATA[org.openqa.selenium.NoSuchElementException: no such element: Unable to locate element: {"method":"xpath","selector":"//h4[text()='Đăng nhập']"}
  (Session info: chrome=128.0.6613.138)
For documentation on this error, please visit: https://www.selenium.dev/documentation/webdriver/troubleshooting/errors#no-such-element-exception
Build info: version: '4.11.0', revision: '040bc5406b'
System info: os.name: 'Windows 11', os.arch: 'amd64', os.version: '10.0', java.version: '21.0.2'
Driver info: org.openqa.selenium.chrome.ChromeDriver
Command: [275309738320e24150586b9e218a50e4, findElement {using=xpath, value=//h4[text()='Đăng nhập']}]
Capabilities {acceptInsecureCerts: false, browserName: chrome, browserVersion: 128.0.6613.138, chrome: {chromedriverVersion: 127.0.6533.72 (9755e24ca85a..., userDataDir: C:\Users\ADMIN\AppData\Loca...}, fedcm:accounts: true, goog:chromeOptions: {debuggerAddress: localhost:64486}, networkConnectionEnabled: false, pageLoadStrategy: normal, platformName: windows, proxy: Proxy(), se:cdp: ws://localhost:64486/devtoo..., se:cdpVersion: 128.0.6613.138, setWindowRect: true, strictFileInteractability: false, timeouts: {implicit: 0, pageLoad: 300000, script: 30000}, unhandledPromptBehavior: dismiss and notify, webauthn:extension:credBlob: true, webauthn:extension:largeBlob: true, webauthn:extension:minPinLength: true, webauthn:extension:prf: true, webauthn:virtualAuthenticators: true}
Session ID: 275309738320e24150586b9e218a50e4
at java.base/jdk.internal.reflect.DirectConstructorHandleAccessor.newInstance(DirectConstructorHandleAccessor.java:62)
at java.base/java.lang.reflect.Constructor.newInstanceWithCaller(Constructor.java:502)
at java.base/java.lang.reflect.Constructor.newInstance(Constructor.java:486)
at org.openqa.selenium.remote.codec.w3c.W3CHttpResponseCodec.createException(W3CHttpResponseCodec.java:200)
at org.openqa.selenium.remote.codec.w3c.W3CHttpResponseCodec.decode(W3CHttpResponseCodec.java:133)
at org.openqa.selenium.remote.codec.w3c.W3CHttpResponseCodec.decode(W3CHttpResponseCodec.java:52)
at org.openqa.selenium.remote.HttpCommandExecutor.execute(HttpCommandExecutor.java:191)
at org.openqa.selenium.remote.service.DriverCommandExecutor.invokeExecute(DriverCommandExecutor.java:196)
at org.openqa.selenium.remote.service.DriverCommandExecutor.execute(DriverCommandExecutor.java:171)
at org.openqa.selenium.remote.RemoteWebDriver.execute(RemoteWebDriver.java:518)
at org.openqa.selenium.remote.ElementLocation$ElementFinder$2.findElement(ElementLocation.java:165)
at org.openqa.selenium.remote.ElementLocation.findElement(ElementLocation.java:59)
at org.openqa.selenium.remote.RemoteWebDriver.findElement(RemoteWebDriver.java:355)
at org.openqa.selenium.remote.RemoteWebDriver.findElement(RemoteWebDriver.java:349)
at automation.testsuite.LoginTestFactory.loginFail_IncorrectPassword(LoginTestFactory.java:41)
at java.base/jdk.internal.reflect.DirectMethodHandleAccessor.invoke(DirectMethodHandleAccessor.java:103)
at java.base/java.lang.reflect.Method.invoke(Method.java:580)
at org.testng.internal.MethodInvocationHelper.invokeMethod(MethodInvocationHelper.java:133)
at org.testng.internal.TestInvoker.invokeMethod(TestInvoker.java:598)
at org.testng.internal.TestInvoker.invokeTestMethod(TestInvoker.java:173)
at org.testng.internal.MethodRunner.runInSequence(MethodRunner.java:46)
at org.testng.internal.TestInvoker$MethodInvocationAgent.invoke(TestInvoker.java:824)
at org.testng.internal.TestInvoker.invokeTestMethods(TestInvoker.java:146)
at org.testng.internal.TestMethodWorker.invokeTestMethods(TestMethodWorker.java:146)
at org.testng.internal.TestMethodWorker.run(TestMethodWorker.java:128)
at java.base/java.util.ArrayList.forEach(ArrayList.java:1596)
at org.testng.TestRunner.privateRun(TestRunner.java:794)
at org.testng.TestRunner.run(TestRunner.java:596)
at org.testng.SuiteRunner.runTest(SuiteRunner.java:377)
at org.testng.SuiteRunner.runSequentially(SuiteRunner.java:371)
at org.testng.SuiteRunner.privateRun(SuiteRunner.java:332)
at org.testng.SuiteRunner.run(SuiteRunner.java:276)
at org.testng.SuiteRunnerWorker.runSuite(SuiteRunnerWorker.java:53)
at org.testng.SuiteRunnerWorker.run(SuiteRunnerWorker.java:96)
at org.testng.TestNG.runSuitesSequentially(TestNG.java:1212)
at org.testng.TestNG.runSuitesLocally(TestNG.java:1134)
at org.testng.TestNG.runSuites(TestNG.java:1063)
at org.testng.TestNG.run(TestNG.java:1031)
at org.testng.remote.AbstractRemoteTestNG.run(AbstractRemoteTestNG.java:115)
at org.testng.remote.RemoteTestNG.initAndRun(RemoteTestNG.java:293)
at org.testng.remote.RemoteTestNG.main(RemoteTestNG.java:91)
]]>
    </error>
  </testcase> <!-- loginFail_IncorrectPassword -->
  <system-out/>
  <testcase classname="automation.testsuite.LoginTestFactory" name="loginFail_IncorrectPassword" time="1.168"/>
  <system-out/>
  <testcase classname="automation.testsuite.LoginTestFactory" name="loginSuccessfully" time="0.000">
    <skipped/>
  </testcase> <!-- loginSuccessfully -->
  <system-out/>
  <testcase classname="automation.testsuite.LoginTestFactory" name="loginFail_IncorrectPassword" time="0.605"/>
  <system-out/>
</testsuite> <!-- automation.testsuite.LoginTestFactory -->
